Using pre-set license
Built from '2020.3/staging' branch; Version is '2020.3.17f1 (a4537701e4ab) revision 10769271'; Using compiler version '192528614'; Build Type 'Release'
OS: 'Windows 10 Home; OS build 19042.1466; Version 2009; 64bit' Language: 'de' Physical Memory: 16320 MB
BatchMode: 1, IsHumanControllingUs: 0, StartBugReporterOnCrash: 0, Is64bit: 1, IsPro: 0

COMMAND LINE ARGUMENTS:
C:\Program Files\Unity\2020.3.17f1\Editor\Unity.exe
-adb2
-batchMode
-noUpm
-name
AssetImportWorker1
-projectPath
C:/Users/lukas/Documents/GitHub/Pro5/Pro5 Game
-logFile
Logs/AssetImportWorker1.log
-srvPort
54241
Successfully changed project path to: C:/Users/lukas/Documents/GitHub/Pro5/Pro5 Game
C:/Users/lukas/Documents/GitHub/Pro5/Pro5 Game
Using Asset Import Pipeline V2.
Refreshing native plugins compatible for Editor in 44.39 ms, found 2 plugins.
Preloading 0 native plugins for Editor in 0.00 ms.
Initialize engine version: 2020.3.17f1 (a4537701e4ab)
[Subsystems] Discovering subsystems at path C:/Program Files/Unity/2020.3.17f1/Editor/Data/Resources/UnitySubsystems
[Subsystems] Discovering subsystems at path C:/Users/lukas/Documents/GitHub/Pro5/Pro5 Game/Assets
GfxDevice: creating device client; threaded=0
Direct3D:
    Version:  Direct3D 11.0 [level 11.1]
    Renderer: AMD Radeon RX 5700 XT (ID=0x731f)
    Vendor:   
    VRAM:     8151 MB
    Driver:   30.0.13023.1012
Initialize mono
Mono path[0] = 'C:/Program Files/Unity/2020.3.17f1/Editor/Data/Managed'
Mono path[1] = 'C:/Program Files/Unity/2020.3.17f1/Editor/Data/MonoBleedingEdge/lib/mono/unityjit'
Mono config path = 'C:/Program Files/Unity/2020.3.17f1/Editor/Data/MonoBleedingEdge/etc'
Using monoOptions --debugger-agent=transport=dt_socket,embedding=1,server=y,suspend=n,address=127.0.0.1:56396
Begin MonoManager ReloadAssembly
Registering precompiled unity dll's ...
Register platform support module: C:/Program Files/Unity/2020.3.17f1/Editor/Data/PlaybackEngines/WindowsStandaloneSupport/UnityEditor.WindowsStandalone.Extensions.dll
Registered in 0.002639 seconds.
Native extension for WindowsStandalone target not found
Refreshing native plugins compatible for Editor in 41.77 ms, found 2 plugins.
Preloading 0 native plugins for Editor in 0.00 ms.
Mono: successfully reloaded assembly
- Completed reload, in  2.643 seconds
Domain Reload Profiling:
	ReloadAssembly (2643ms)
		BeginReloadAssembly (63ms)
			ExecutionOrderSort (0ms)
			DisableScriptedObjects (0ms)
			BackupInstance (0ms)
			ReleaseScriptingObjects (0ms)
			CreateAndSetChildDomain (1ms)
		EndReloadAssembly (485ms)
			LoadAssemblies (60ms)
			RebuildTransferFunctionScriptingTraits (0ms)
			SetupTypeCache (168ms)
			ReleaseScriptCaches (0ms)
			RebuildScriptCaches (33ms)
			SetupLoadedEditorAssemblies (197ms)
				LogAssemblyErrors (0ms)
				InitializePlatformSupportModulesInManaged (5ms)
				SetLoadedEditorAssemblies (0ms)
				RefreshPlugins (42ms)
				BeforeProcessingInitializeOnLoad (21ms)
				ProcessInitializeOnLoadAttributes (96ms)
				ProcessInitializeOnLoadMethodAttributes (33ms)
				AfterProcessingInitializeOnLoad (0ms)
				EditorAssembliesLoaded (0ms)
			ExecutionOrderSort2 (0ms)
			AwakeInstancesAfterBackupRestoration (0ms)
Platform modules already initialized, skipping
Registering precompiled user dll's ...
Registered in 0.005451 seconds.
Begin MonoManager ReloadAssembly
Symbol file data-000001E78533E3F0 doesn't match image C:\Users\lukas\Documents\GitHub\Pro5\Pro5 Game\Library\ScriptAssemblies\Unity.VSCode.Editor.dll
Symbol file LoadedFromMemory is not a mono symbol file
Symbol file data-000001E78533E3F0 doesn't match image C:\Users\lukas\Documents\GitHub\Pro5\Pro5 Game\Library\ScriptAssemblies\Unity.Notifications.dll
Symbol file LoadedFromMemory is not a mono symbol file
Symbol file data-000001E781FB1830 doesn't match image C:\Users\lukas\Documents\GitHub\Pro5\Pro5 Game\Library\ScriptAssemblies\Unity.TextMeshPro.Editor.dll
Symbol file LoadedFromMemory is not a mono symbol file
Symbol file data-000001E781A97030 doesn't match image C:\Users\lukas\Documents\GitHub\Pro5\Pro5 Game\Library\ScriptAssemblies\Unity.VisualStudio.Editor.dll
Symbol file LoadedFromMemory is not a mono symbol file
Symbol file data-000001E781FB1830 doesn't match image C:\Users\lukas\Documents\GitHub\Pro5\Pro5 Game\Library\ScriptAssemblies\Unity.Mobile.AndroidLogcat.Editor.dll
Symbol file LoadedFromMemory is not a mono symbol file
Symbol file data-000001E781FB1830 doesn't match image C:\Users\lukas\Documents\GitHub\Pro5\Pro5 Game\Library\ScriptAssemblies\UnityEngine.TestRunner.dll
Symbol file LoadedFromMemory is not a mono symbol file
Symbol file data-000001E784C61030 doesn't match image C:\Users\lukas\Documents\GitHub\Pro5\Pro5 Game\Library\ScriptAssemblies\Unity.Timeline.Editor.dll
Symbol file LoadedFromMemory is not a mono symbol file
Symbol file data-000001E781FB1830 doesn't match image C:\Users\lukas\Documents\GitHub\Pro5\Pro5 Game\Library\ScriptAssemblies\Unity.Timeline.dll
Symbol file LoadedFromMemory is not a mono symbol file
Symbol file data-000001E7854174F0 doesn't match image C:\Users\lukas\Documents\GitHub\Pro5\Pro5 Game\Library\ScriptAssemblies\Unity.TextMeshPro.dll
Symbol file LoadedFromMemory is not a mono symbol file
Symbol file data-000001E781FB1830 doesn't match image C:\Users\lukas\Documents\GitHub\Pro5\Pro5 Game\Library\ScriptAssemblies\Unity.CollabProxy.Editor.dll
Symbol file LoadedFromMemory is not a mono symbol file
Symbol file data-000001E781FB1830 doesn't match image C:\Users\lukas\Documents\GitHub\Pro5\Pro5 Game\Library\ScriptAssemblies\UnityEditor.TestRunner.dll
Symbol file LoadedFromMemory is not a mono symbol file
Symbol file data-000001E784D67E20 doesn't match image C:\Users\lukas\Documents\GitHub\Pro5\Pro5 Game\Library\ScriptAssemblies\UnityEditor.UI.dll
Symbol file LoadedFromMemory is not a mono symbol file
Symbol file data-000001E783B33A30 doesn't match image C:\Users\lukas\Documents\GitHub\Pro5\Pro5 Game\Library\ScriptAssemblies\Unity.PlasticSCM.Editor.dll
Symbol file LoadedFromMemory is not a mono symbol file
Symbol file data-000001E78565B820 doesn't match image C:\Users\lukas\Documents\GitHub\Pro5\Pro5 Game\Library\ScriptAssemblies\Unity.Rider.Editor.dll
Symbol file LoadedFromMemory is not a mono symbol file
Symbol file data-000001E783B33A30 doesn't match image C:\Users\lukas\Documents\GitHub\Pro5\Pro5 Game\Library\ScriptAssemblies\UnityEngine.UI.dll
Symbol file LoadedFromMemory is not a mono symbol file
Symbol file data-000001E781DF9DD0 doesn't match image C:\Users\lukas\Documents\GitHub\Pro5\Pro5 Game\Library\ScriptAssemblies\Unity.Notifications.Android.dll
Symbol file LoadedFromMemory is not a mono symbol file
Symbol file data-000001E781BC9040 doesn't match image C:\Users\lukas\Documents\GitHub\Pro5\Pro5 Game\Library\ScriptAssemblies\Unity.Notifications.iOS.dll
Symbol file LoadedFromMemory is not a mono symbol file
Native extension for WindowsStandalone target not found
Refreshing native plugins compatible for Editor in 0.55 ms, found 2 plugins.
Preloading 0 native plugins for Editor in 0.00 ms.
Mono: successfully reloaded assembly
- Completed reload, in  1.254 seconds
Domain Reload Profiling:
	ReloadAssembly (1255ms)
		BeginReloadAssembly (167ms)
			ExecutionOrderSort (0ms)
			DisableScriptedObjects (5ms)
			BackupInstance (0ms)
			ReleaseScriptingObjects (0ms)
			CreateAndSetChildDomain (20ms)
		EndReloadAssembly (1008ms)
			LoadAssemblies (101ms)
			RebuildTransferFunctionScriptingTraits (0ms)
			SetupTypeCache (302ms)
			ReleaseScriptCaches (1ms)
			RebuildScriptCaches (46ms)
			SetupLoadedEditorAssemblies (446ms)
				LogAssemblyErrors (0ms)
				InitializePlatformSupportModulesInManaged (6ms)
				SetLoadedEditorAssemblies (0ms)
				RefreshPlugins (1ms)
				BeforeProcessingInitializeOnLoad (95ms)
				ProcessInitializeOnLoadAttributes (329ms)
				ProcessInitializeOnLoadMethodAttributes (6ms)
				AfterProcessingInitializeOnLoad (10ms)
				EditorAssembliesLoaded (0ms)
			ExecutionOrderSort2 (0ms)
			AwakeInstancesAfterBackupRestoration (8ms)
Platform modules already initialized, skipping
========================================================================
Worker process is ready to serve import requests
Launched and connected shader compiler UnityShaderCompiler.exe after 0.07 seconds
Refreshing native plugins compatible for Editor in 0.54 ms, found 2 plugins.
Preloading 0 native plugins for Editor in 0.00 ms.
Unloading 1562 Unused Serialized files (Serialized files now loaded: 0)
System memory in use before: 71.3 MB.
System memory in use after: 71.3 MB.

Unloading 31 unused Assets to reduce memory usage. Loaded Objects now: 1985.
Total: 3.187500 ms (FindLiveObjects: 0.181700 ms CreateObjectMapping: 0.040500 ms MarkObjects: 2.881700 ms  DeleteObjects: 0.081900 ms)

AssetImportParameters requested are different than current active one (requested -> active):
  custom:framework-win-MediaFoundation: 216162199b28c13a410421893ffa2e32 -> 
  custom:video-decoder-ogg-theora: a1e56fd34408186e4bbccfd4996cb3dc -> 
  custom:container-muxer-webm: aa71ff27fc2769a1b78a27578f13a17b -> 
  custom:container-demuxer-webm: 4f35f7cbe854078d1ac9338744f61a02 -> 
  custom:container-demuxer-ogg: 62fdf1f143b41e24485cea50d1cbac27 -> 
  custom:video-encoder-webm-vp8: eb34c28f22e8b96e1ab97ce403110664 -> 
  custom:video-decoder-webm-vp8: 9c59270c3fd7afecdb556c50c9e8de78 -> 
  custom:audio-decoder-ogg-vorbis: bf7c407c2cedff20999df2af8eb42d56 -> 
  custom:audio-encoder-webm-vorbis: bf7c407c2cedff20999df2af8eb42d56 -> 
========================================================================
Received Import Request.
  path: Assets/Prefabs/Enemies/ronin/ronin_run.anim
  artifactKey: Guid(c19eb8ba856dfc34ab7f34062af901fb) Importer(815301076,1909f56bfc062723c751e8b465ee728b)
Start importing Assets/Prefabs/Enemies/ronin/ronin_run.anim using Guid(c19eb8ba856dfc34ab7f34062af901fb) Importer(815301076,1909f56bfc062723c751e8b465ee728b)  -> (artifact id: 'a14b13e631ecdbbf2453252883c699f8') in 0.043694 seconds 
  Import took 0.046446 seconds .

========================================================================
Received Import Request.
  Time since last request: 0.000185 seconds.
  path: Assets/Prefabs/Enemies/assassin/assassin_attack.anim
  artifactKey: Guid(fe73e4dc2f9c35e49a27efa1eb12a878) Importer(815301076,1909f56bfc062723c751e8b465ee728b)
Start importing Assets/Prefabs/Enemies/assassin/assassin_attack.anim using Guid(fe73e4dc2f9c35e49a27efa1eb12a878) Importer(815301076,1909f56bfc062723c751e8b465ee728b)  -> (artifact id: '6421de4b41471f2e8a0985f0187b2b66') in 0.009050 seconds 
  Import took 0.012135 seconds .

========================================================================
Received Prepare
Registering precompiled user dll's ...
Registered in 0.005935 seconds.
Begin MonoManager ReloadAssembly
Symbol file data-000001E781D44830 doesn't match image C:\Users\lukas\Documents\GitHub\Pro5\Pro5 Game\Library\ScriptAssemblies\Unity.VSCode.Editor.dll
Symbol file LoadedFromMemory is not a mono symbol file
Symbol file data-000001E781D44830 doesn't match image C:\Users\lukas\Documents\GitHub\Pro5\Pro5 Game\Library\ScriptAssemblies\Unity.Notifications.dll
Symbol file LoadedFromMemory is not a mono symbol file
Symbol file data-000001E7837B9020 doesn't match image C:\Users\lukas\Documents\GitHub\Pro5\Pro5 Game\Library\ScriptAssemblies\Unity.TextMeshPro.Editor.dll
Symbol file LoadedFromMemory is not a mono symbol file
Symbol file data-000001E7872FB990 doesn't match image C:\Users\lukas\Documents\GitHub\Pro5\Pro5 Game\Library\ScriptAssemblies\Unity.VisualStudio.Editor.dll
Symbol file LoadedFromMemory is not a mono symbol file
Symbol file data-000001E781C5E010 doesn't match image C:\Users\lukas\Documents\GitHub\Pro5\Pro5 Game\Library\ScriptAssemblies\Unity.Mobile.AndroidLogcat.Editor.dll
Symbol file LoadedFromMemory is not a mono symbol file
Symbol file data-000001E781C5E010 doesn't match image C:\Users\lukas\Documents\GitHub\Pro5\Pro5 Game\Library\ScriptAssemblies\UnityEngine.TestRunner.dll
Symbol file LoadedFromMemory is not a mono symbol file
Symbol file data-000001E781B80F90 doesn't match image C:\Users\lukas\Documents\GitHub\Pro5\Pro5 Game\Library\ScriptAssemblies\Unity.Timeline.Editor.dll
Symbol file LoadedFromMemory is not a mono symbol file
Symbol file data-000001E7837EB030 doesn't match image C:\Users\lukas\Documents\GitHub\Pro5\Pro5 Game\Library\ScriptAssemblies\Unity.Timeline.dll
Symbol file LoadedFromMemory is not a mono symbol file
Symbol file data-000001E781AFC010 doesn't match image C:\Users\lukas\Documents\GitHub\Pro5\Pro5 Game\Library\ScriptAssemblies\Unity.TextMeshPro.dll
Symbol file LoadedFromMemory is not a mono symbol file
Symbol file data-000001E781C5E010 doesn't match image C:\Users\lukas\Documents\GitHub\Pro5\Pro5 Game\Library\ScriptAssemblies\Unity.CollabProxy.Editor.dll
Symbol file LoadedFromMemory is not a mono symbol file
Symbol file data-000001E78365E220 doesn't match image C:\Users\lukas\Documents\GitHub\Pro5\Pro5 Game\Library\ScriptAssemblies\UnityEditor.TestRunner.dll
Symbol file LoadedFromMemory is not a mono symbol file
Symbol file data-000001E7872FB990 doesn't match image C:\Users\lukas\Documents\GitHub\Pro5\Pro5 Game\Library\ScriptAssemblies\UnityEditor.UI.dll
Symbol file LoadedFromMemory is not a mono symbol file
Symbol file data-000001E784C61030 doesn't match image C:\Users\lukas\Documents\GitHub\Pro5\Pro5 Game\Library\ScriptAssemblies\Unity.PlasticSCM.Editor.dll
Symbol file LoadedFromMemory is not a mono symbol file
Symbol file data-000001E781954020 doesn't match image C:\Users\lukas\Documents\GitHub\Pro5\Pro5 Game\Library\ScriptAssemblies\Unity.Rider.Editor.dll
Symbol file LoadedFromMemory is not a mono symbol file
Symbol file data-000001E787FBEFF0 doesn't match image C:\Users\lukas\Documents\GitHub\Pro5\Pro5 Game\Library\ScriptAssemblies\UnityEngine.UI.dll
Symbol file LoadedFromMemory is not a mono symbol file
Symbol file data-000001E78424CE30 doesn't match image C:\Users\lukas\Documents\GitHub\Pro5\Pro5 Game\Library\ScriptAssemblies\Unity.Notifications.Android.dll
Symbol file LoadedFromMemory is not a mono symbol file
Symbol file data-000001E783B5C830 doesn't match image C:\Users\lukas\Documents\GitHub\Pro5\Pro5 Game\Library\ScriptAssemblies\Unity.Notifications.iOS.dll
Symbol file LoadedFromMemory is not a mono symbol file
Native extension for WindowsStandalone target not found
Refreshing native plugins compatible for Editor in 0.75 ms, found 2 plugins.
Preloading 0 native plugins for Editor in 0.00 ms.
Mono: successfully reloaded assembly
- Completed reload, in  1.241 seconds
Domain Reload Profiling:
	ReloadAssembly (1242ms)
		BeginReloadAssembly (134ms)
			ExecutionOrderSort (0ms)
			DisableScriptedObjects (5ms)
			BackupInstance (0ms)
			ReleaseScriptingObjects (0ms)
			CreateAndSetChildDomain (39ms)
		EndReloadAssembly (1028ms)
			LoadAssemblies (103ms)
			RebuildTransferFunctionScriptingTraits (0ms)
			SetupTypeCache (314ms)
			ReleaseScriptCaches (1ms)
			RebuildScriptCaches (43ms)
			SetupLoadedEditorAssemblies (443ms)
				LogAssemblyErrors (0ms)
				InitializePlatformSupportModulesInManaged (7ms)
				SetLoadedEditorAssemblies (1ms)
				RefreshPlugins (1ms)
				BeforeProcessingInitializeOnLoad (107ms)
				ProcessInitializeOnLoadAttributes (314ms)
				ProcessInitializeOnLoadMethodAttributes (4ms)
				AfterProcessingInitializeOnLoad (9ms)
				EditorAssembliesLoaded (0ms)
			ExecutionOrderSort2 (0ms)
			AwakeInstancesAfterBackupRestoration (8ms)
Platform modules already initialized, skipping
Switching build target platform(19) subTarget(0) extendedPlatform(0) -> platform(13) subTarget(537395200) extendedPlatform(0)
Refreshing native plugins compatible for Editor in 0.53 ms, found 2 plugins.
Preloading 0 native plugins for Editor in 0.00 ms.
Unloading 1559 Unused Serialized files (Serialized files now loaded: 0)
System memory in use before: 71.0 MB.
System memory in use after: 71.2 MB.

Unloading 26 unused Assets to reduce memory usage. Loaded Objects now: 1987.
Total: 3.513900 ms (FindLiveObjects: 0.231600 ms CreateObjectMapping: 0.049700 ms MarkObjects: 3.207600 ms  DeleteObjects: 0.023700 ms)

AssetImportParameters requested are different than current active one (requested -> active):
  custom:framework-win-MediaFoundation: 216162199b28c13a410421893ffa2e32 -> 
  custom:video-decoder-ogg-theora: a1e56fd34408186e4bbccfd4996cb3dc -> 
  custom:container-muxer-webm: aa71ff27fc2769a1b78a27578f13a17b -> 
  custom:container-demuxer-webm: 4f35f7cbe854078d1ac9338744f61a02 -> 
  custom:container-demuxer-ogg: 62fdf1f143b41e24485cea50d1cbac27 -> 
  custom:video-encoder-webm-vp8: eb34c28f22e8b96e1ab97ce403110664 -> 
  custom:video-decoder-webm-vp8: 9c59270c3fd7afecdb556c50c9e8de78 -> 
  custom:graphics/normal-map-encoding: 01000000000000000000000000000000 -> 02000000000000000000000000000000
  custom:audio-decoder-ogg-vorbis: bf7c407c2cedff20999df2af8eb42d56 -> 
  custom:audio-encoder-webm-vorbis: bf7c407c2cedff20999df2af8eb42d56 -> 
========================================================================
Received Prepare
Registering precompiled user dll's ...
Registered in 0.005236 seconds.
Begin MonoManager ReloadAssembly
Symbol file data-000001E7819C61A0 doesn't match image C:\Users\lukas\Documents\GitHub\Pro5\Pro5 Game\Library\ScriptAssemblies\Unity.VSCode.Editor.dll
Symbol file LoadedFromMemory is not a mono symbol file
Symbol file data-000001E781D44830 doesn't match image C:\Users\lukas\Documents\GitHub\Pro5\Pro5 Game\Library\ScriptAssemblies\Unity.Notifications.dll
Symbol file LoadedFromMemory is not a mono symbol file
Symbol file data-000001E78882B070 doesn't match image C:\Users\lukas\Documents\GitHub\Pro5\Pro5 Game\Library\ScriptAssemblies\Unity.TextMeshPro.Editor.dll
Symbol file LoadedFromMemory is not a mono symbol file
Symbol file data-000001E78528C030 doesn't match image C:\Users\lukas\Documents\GitHub\Pro5\Pro5 Game\Library\ScriptAssemblies\Unity.VisualStudio.Editor.dll
Symbol file LoadedFromMemory is not a mono symbol file
Symbol file data-000001E7838EDE80 doesn't match image C:\Users\lukas\Documents\GitHub\Pro5\Pro5 Game\Library\ScriptAssemblies\Unity.Mobile.AndroidLogcat.Editor.dll
Symbol file LoadedFromMemory is not a mono symbol file
Symbol file data-000001E7838EDE80 doesn't match image C:\Users\lukas\Documents\GitHub\Pro5\Pro5 Game\Library\ScriptAssemblies\UnityEngine.TestRunner.dll
Symbol file LoadedFromMemory is not a mono symbol file
Symbol file data-000001E788475040 doesn't match image C:\Users\lukas\Documents\GitHub\Pro5\Pro5 Game\Library\ScriptAssemblies\Unity.Timeline.Editor.dll
Symbol file LoadedFromMemory is not a mono symbol file
Symbol file data-000001E78882B070 doesn't match image C:\Users\lukas\Documents\GitHub\Pro5\Pro5 Game\Library\ScriptAssemblies\Unity.Timeline.dll
Symbol file LoadedFromMemory is not a mono symbol file
Symbol file data-000001E7854174F0 doesn't match image C:\Users\lukas\Documents\GitHub\Pro5\Pro5 Game\Library\ScriptAssemblies\Unity.TextMeshPro.dll
Symbol file LoadedFromMemory is not a mono symbol file
Symbol file data-000001E7838EDE80 doesn't match image C:\Users\lukas\Documents\GitHub\Pro5\Pro5 Game\Library\ScriptAssemblies\Unity.CollabProxy.Editor.dll
Symbol file LoadedFromMemory is not a mono symbol file
Symbol file data-000001E784B5E010 doesn't match image C:\Users\lukas\Documents\GitHub\Pro5\Pro5 Game\Library\ScriptAssemblies\UnityEditor.TestRunner.dll
Symbol file LoadedFromMemory is not a mono symbol file
Symbol file data-000001E7877FE030 doesn't match image C:\Users\lukas\Documents\GitHub\Pro5\Pro5 Game\Library\ScriptAssemblies\UnityEditor.UI.dll
Symbol file LoadedFromMemory is not a mono symbol file
Symbol file data-000001E787CF4020 doesn't match image C:\Users\lukas\Documents\GitHub\Pro5\Pro5 Game\Library\ScriptAssemblies\Unity.PlasticSCM.Editor.dll
Symbol file LoadedFromMemory is not a mono symbol file
Symbol file data-000001E781954020 doesn't match image C:\Users\lukas\Documents\GitHub\Pro5\Pro5 Game\Library\ScriptAssemblies\Unity.Rider.Editor.dll
Symbol file LoadedFromMemory is not a mono symbol file
Symbol file data-000001E781FA9020 doesn't match image C:\Users\lukas\Documents\GitHub\Pro5\Pro5 Game\Library\ScriptAssemblies\UnityEngine.UI.dll
Symbol file LoadedFromMemory is not a mono symbol file
Symbol file data-000001E784B49E20 doesn't match image C:\Users\lukas\Documents\GitHub\Pro5\Pro5 Game\Library\ScriptAssemblies\Unity.Notifications.Android.dll
Symbol file LoadedFromMemory is not a mono symbol file
Symbol file data-000001E783B5C830 doesn't match image C:\Users\lukas\Documents\GitHub\Pro5\Pro5 Game\Library\ScriptAssemblies\Unity.Notifications.iOS.dll
Symbol file LoadedFromMemory is not a mono symbol file
Native extension for WindowsStandalone target not found
Refreshing native plugins compatible for Editor in 0.55 ms, found 2 plugins.
Preloading 0 native plugins for Editor in 0.00 ms.
Mono: successfully reloaded assembly
- Completed reload, in  1.193 seconds
Domain Reload Profiling:
	ReloadAssembly (1193ms)
		BeginReloadAssembly (125ms)
			ExecutionOrderSort (0ms)
			DisableScriptedObjects (5ms)
			BackupInstance (0ms)
			ReleaseScriptingObjects (0ms)
			CreateAndSetChildDomain (33ms)
		EndReloadAssembly (991ms)
			LoadAssemblies (97ms)
			RebuildTransferFunctionScriptingTraits (0ms)
			SetupTypeCache (296ms)
			ReleaseScriptCaches (1ms)
			RebuildScriptCaches (40ms)
			SetupLoadedEditorAssemblies (425ms)
				LogAssemblyErrors (0ms)
				InitializePlatformSupportModulesInManaged (6ms)
				SetLoadedEditorAssemblies (1ms)
				RefreshPlugins (1ms)
				BeforeProcessingInitializeOnLoad (99ms)
				ProcessInitializeOnLoadAttributes (306ms)
				ProcessInitializeOnLoadMethodAttributes (4ms)
				AfterProcessingInitializeOnLoad (9ms)
				EditorAssembliesLoaded (0ms)
			ExecutionOrderSort2 (0ms)
			AwakeInstancesAfterBackupRestoration (10ms)
Platform modules already initialized, skipping
Switching build target platform(19) subTarget(0) extendedPlatform(0) -> platform(13) subTarget(537395200) extendedPlatform(0)
Refreshing native plugins compatible for Editor in 0.75 ms, found 2 plugins.
Preloading 0 native plugins for Editor in 0.00 ms.
Unloading 1559 Unused Serialized files (Serialized files now loaded: 0)
System memory in use before: 71.1 MB.
System memory in use after: 71.2 MB.

Unloading 26 unused Assets to reduce memory usage. Loaded Objects now: 1989.
Total: 6.244400 ms (FindLiveObjects: 0.261000 ms CreateObjectMapping: 0.042500 ms MarkObjects: 5.902600 ms  DeleteObjects: 0.036100 ms)

AssetImportParameters requested are different than current active one (requested -> active):
  custom:framework-win-MediaFoundation: 216162199b28c13a410421893ffa2e32 -> 
  custom:video-decoder-ogg-theora: a1e56fd34408186e4bbccfd4996cb3dc -> 
  custom:container-muxer-webm: aa71ff27fc2769a1b78a27578f13a17b -> 
  custom:container-demuxer-webm: 4f35f7cbe854078d1ac9338744f61a02 -> 
  custom:container-demuxer-ogg: 62fdf1f143b41e24485cea50d1cbac27 -> 
  custom:video-encoder-webm-vp8: eb34c28f22e8b96e1ab97ce403110664 -> 
  custom:video-decoder-webm-vp8: 9c59270c3fd7afecdb556c50c9e8de78 -> 
  custom:graphics/normal-map-encoding: 01000000000000000000000000000000 -> 02000000000000000000000000000000
  custom:audio-decoder-ogg-vorbis: bf7c407c2cedff20999df2af8eb42d56 -> 
  custom:audio-encoder-webm-vorbis: bf7c407c2cedff20999df2af8eb42d56 -> 
========================================================================
Received Prepare
Registering precompiled user dll's ...
Registered in 0.005665 seconds.
Begin MonoManager ReloadAssembly
Symbol file data-000001E781D44830 doesn't match image C:\Users\lukas\Documents\GitHub\Pro5\Pro5 Game\Library\ScriptAssemblies\Unity.VSCode.Editor.dll
Symbol file LoadedFromMemory is not a mono symbol file
Symbol file data-000001E781D44830 doesn't match image C:\Users\lukas\Documents\GitHub\Pro5\Pro5 Game\Library\ScriptAssemblies\Unity.Notifications.dll
Symbol file LoadedFromMemory is not a mono symbol file
Symbol file data-000001E781B80F90 doesn't match image C:\Users\lukas\Documents\GitHub\Pro5\Pro5 Game\Library\ScriptAssemblies\Unity.TextMeshPro.Editor.dll
Symbol file LoadedFromMemory is not a mono symbol file
Symbol file data-000001E78528C030 doesn't match image C:\Users\lukas\Documents\GitHub\Pro5\Pro5 Game\Library\ScriptAssemblies\Unity.VisualStudio.Editor.dll
Symbol file LoadedFromMemory is not a mono symbol file
Symbol file data-000001E7838EDE80 doesn't match image C:\Users\lukas\Documents\GitHub\Pro5\Pro5 Game\Library\ScriptAssemblies\Unity.Mobile.AndroidLogcat.Editor.dll
Symbol file LoadedFromMemory is not a mono symbol file
Symbol file data-000001E7838EDE80 doesn't match image C:\Users\lukas\Documents\GitHub\Pro5\Pro5 Game\Library\ScriptAssemblies\UnityEngine.TestRunner.dll
Symbol file LoadedFromMemory is not a mono symbol file
Symbol file data-000001E78882B070 doesn't match image C:\Users\lukas\Documents\GitHub\Pro5\Pro5 Game\Library\ScriptAssemblies\Unity.Timeline.Editor.dll
Symbol file LoadedFromMemory is not a mono symbol file
Symbol file data-000001E781BB4020 doesn't match image C:\Users\lukas\Documents\GitHub\Pro5\Pro5 Game\Library\ScriptAssemblies\Unity.Timeline.dll
Symbol file LoadedFromMemory is not a mono symbol file
Symbol file data-000001E7854174F0 doesn't match image C:\Users\lukas\Documents\GitHub\Pro5\Pro5 Game\Library\ScriptAssemblies\Unity.TextMeshPro.dll
Symbol file LoadedFromMemory is not a mono symbol file
Symbol file data-000001E7838EDE80 doesn't match image C:\Users\lukas\Documents\GitHub\Pro5\Pro5 Game\Library\ScriptAssemblies\Unity.CollabProxy.Editor.dll
Symbol file LoadedFromMemory is not a mono symbol file
Symbol file data-000001E784B5E010 doesn't match image C:\Users\lukas\Documents\GitHub\Pro5\Pro5 Game\Library\ScriptAssemblies\UnityEditor.TestRunner.dll
Symbol file LoadedFromMemory is not a mono symbol file
Symbol file data-000001E7877FE030 doesn't match image C:\Users\lukas\Documents\GitHub\Pro5\Pro5 Game\Library\ScriptAssemblies\UnityEditor.UI.dll
Symbol file LoadedFromMemory is not a mono symbol file
Symbol file data-000001E787CF4020 doesn't match image C:\Users\lukas\Documents\GitHub\Pro5\Pro5 Game\Library\ScriptAssemblies\Unity.PlasticSCM.Editor.dll
Symbol file LoadedFromMemory is not a mono symbol file
Symbol file data-000001E781954020 doesn't match image C:\Users\lukas\Documents\GitHub\Pro5\Pro5 Game\Library\ScriptAssemblies\Unity.Rider.Editor.dll
Symbol file LoadedFromMemory is not a mono symbol file
Symbol file data-000001E788371D40 doesn't match image C:\Users\lukas\Documents\GitHub\Pro5\Pro5 Game\Library\ScriptAssemblies\UnityEngine.UI.dll
Symbol file LoadedFromMemory is not a mono symbol file
Symbol file data-000001E79872BED0 doesn't match image C:\Users\lukas\Documents\GitHub\Pro5\Pro5 Game\Library\ScriptAssemblies\Unity.Notifications.Android.dll
Symbol file LoadedFromMemory is not a mono symbol file
Symbol file data-000001E79872BED0 doesn't match image C:\Users\lukas\Documents\GitHub\Pro5\Pro5 Game\Library\ScriptAssemblies\Unity.Notifications.iOS.dll
Symbol file LoadedFromMemory is not a mono symbol file
Native extension for WindowsStandalone target not found
Refreshing native plugins compatible for Editor in 0.54 ms, found 2 plugins.
Preloading 0 native plugins for Editor in 0.00 ms.
Mono: successfully reloaded assembly
- Completed reload, in  1.226 seconds
Domain Reload Profiling:
	ReloadAssembly (1227ms)
		BeginReloadAssembly (128ms)
			ExecutionOrderSort (0ms)
			DisableScriptedObjects (6ms)
			BackupInstance (0ms)
			ReleaseScriptingObjects (0ms)
			CreateAndSetChildDomain (34ms)
		EndReloadAssembly (1016ms)
			LoadAssemblies (99ms)
			RebuildTransferFunctionScriptingTraits (0ms)
			SetupTypeCache (300ms)
			ReleaseScriptCaches (1ms)
			RebuildScriptCaches (45ms)
			SetupLoadedEditorAssemblies (422ms)
				LogAssemblyErrors (0ms)
				InitializePlatformSupportModulesInManaged (5ms)
				SetLoadedEditorAssemblies (0ms)
				RefreshPlugins (1ms)
				BeforeProcessingInitializeOnLoad (94ms)
				ProcessInitializeOnLoadAttributes (305ms)
				ProcessInitializeOnLoadMethodAttributes (5ms)
				AfterProcessingInitializeOnLoad (11ms)
				EditorAssembliesLoaded (0ms)
			ExecutionOrderSort2 (0ms)
			AwakeInstancesAfterBackupRestoration (8ms)
Platform modules already initialized, skipping
Switching build target platform(19) subTarget(0) extendedPlatform(0) -> platform(13) subTarget(537395200) extendedPlatform(0)
Refreshing native plugins compatible for Editor in 0.53 ms, found 2 plugins.
Preloading 0 native plugins for Editor in 0.00 ms.
Unloading 1559 Unused Serialized files (Serialized files now loaded: 0)
System memory in use before: 71.1 MB.
System memory in use after: 71.2 MB.

Unloading 26 unused Assets to reduce memory usage. Loaded Objects now: 1991.
Total: 3.415600 ms (FindLiveObjects: 0.205300 ms CreateObjectMapping: 0.037900 ms MarkObjects: 3.142100 ms  DeleteObjects: 0.028900 ms)

AssetImportParameters requested are different than current active one (requested -> active):
  custom:framework-win-MediaFoundation: 216162199b28c13a410421893ffa2e32 -> 
  custom:video-decoder-ogg-theora: a1e56fd34408186e4bbccfd4996cb3dc -> 
  custom:container-muxer-webm: aa71ff27fc2769a1b78a27578f13a17b -> 
  custom:container-demuxer-webm: 4f35f7cbe854078d1ac9338744f61a02 -> 
  custom:container-demuxer-ogg: 62fdf1f143b41e24485cea50d1cbac27 -> 
  custom:video-encoder-webm-vp8: eb34c28f22e8b96e1ab97ce403110664 -> 
  custom:video-decoder-webm-vp8: 9c59270c3fd7afecdb556c50c9e8de78 -> 
  custom:graphics/normal-map-encoding: 01000000000000000000000000000000 -> 02000000000000000000000000000000
  custom:audio-decoder-ogg-vorbis: bf7c407c2cedff20999df2af8eb42d56 -> 
  custom:audio-encoder-webm-vorbis: bf7c407c2cedff20999df2af8eb42d56 -> 
========================================================================
Received Import Request.
  Time since last request: 318.650785 seconds.
  path: Assets/Prefabs/Enemies/assassin/AssassinEnemy.prefab
  artifactKey: Guid(3df39b7dd99a70a46b3a9f111dc375e2) Importer(815301076,1909f56bfc062723c751e8b465ee728b)
Start importing Assets/Prefabs/Enemies/assassin/AssassinEnemy.prefab using Guid(3df39b7dd99a70a46b3a9f111dc375e2) Importer(815301076,1909f56bfc062723c751e8b465ee728b)  -> (artifact id: '040a630f747ac4a4d08602b62ee85b46') in 0.104837 seconds 
  Import took 0.108102 seconds .

========================================================================
Received Prepare
Registering precompiled user dll's ...
Registered in 0.005120 seconds.
Begin MonoManager ReloadAssembly
Symbol file data-000001E781D44830 doesn't match image C:\Users\lukas\Documents\GitHub\Pro5\Pro5 Game\Library\ScriptAssemblies\Unity.VSCode.Editor.dll
Symbol file LoadedFromMemory is not a mono symbol file
Symbol file data-000001E781D44830 doesn't match image C:\Users\lukas\Documents\GitHub\Pro5\Pro5 Game\Library\ScriptAssemblies\Unity.Notifications.dll
Symbol file LoadedFromMemory is not a mono symbol file
Symbol file data-000001E7884A7030 doesn't match image C:\Users\lukas\Documents\GitHub\Pro5\Pro5 Game\Library\ScriptAssemblies\Unity.TextMeshPro.Editor.dll
Symbol file LoadedFromMemory is not a mono symbol file
Symbol file data-000001E78528C030 doesn't match image C:\Users\lukas\Documents\GitHub\Pro5\Pro5 Game\Library\ScriptAssemblies\Unity.VisualStudio.Editor.dll
Symbol file LoadedFromMemory is not a mono symbol file
Symbol file data-000001E783D9C010 doesn't match image C:\Users\lukas\Documents\GitHub\Pro5\Pro5 Game\Library\ScriptAssemblies\Unity.Mobile.AndroidLogcat.Editor.dll
Symbol file LoadedFromMemory is not a mono symbol file
Symbol file data-000001E783D9C010 doesn't match image C:\Users\lukas\Documents\GitHub\Pro5\Pro5 Game\Library\ScriptAssemblies\UnityEngine.TestRunner.dll
Symbol file LoadedFromMemory is not a mono symbol file
Symbol file data-000001E785758040 doesn't match image C:\Users\lukas\Documents\GitHub\Pro5\Pro5 Game\Library\ScriptAssemblies\Unity.Timeline.Editor.dll
Symbol file LoadedFromMemory is not a mono symbol file
Symbol file data-000001E781BB4020 doesn't match image C:\Users\lukas\Documents\GitHub\Pro5\Pro5 Game\Library\ScriptAssemblies\Unity.Timeline.dll
Symbol file LoadedFromMemory is not a mono symbol file
Symbol file data-000001E781AFC010 doesn't match image C:\Users\lukas\Documents\GitHub\Pro5\Pro5 Game\Library\ScriptAssemblies\Unity.TextMeshPro.dll
Symbol file LoadedFromMemory is not a mono symbol file
Symbol file data-000001E783D9C010 doesn't match image C:\Users\lukas\Documents\GitHub\Pro5\Pro5 Game\Library\ScriptAssemblies\Unity.CollabProxy.Editor.dll
Symbol file LoadedFromMemory is not a mono symbol file
Symbol file data-000001E784B5E010 doesn't match image C:\Users\lukas\Documents\GitHub\Pro5\Pro5 Game\Library\ScriptAssemblies\UnityEditor.TestRunner.dll
Symbol file LoadedFromMemory is not a mono symbol file
Symbol file data-000001E78528C030 doesn't match image C:\Users\lukas\Documents\GitHub\Pro5\Pro5 Game\Library\ScriptAssemblies\UnityEditor.UI.dll
Symbol file LoadedFromMemory is not a mono symbol file
Symbol file data-000001E787CF4020 doesn't match image C:\Users\lukas\Documents\GitHub\Pro5\Pro5 Game\Library\ScriptAssemblies\Unity.PlasticSCM.Editor.dll
Symbol file LoadedFromMemory is not a mono symbol file
Symbol file data-000001E781954020 doesn't match image C:\Users\lukas\Documents\GitHub\Pro5\Pro5 Game\Library\ScriptAssemblies\Unity.Rider.Editor.dll
Symbol file LoadedFromMemory is not a mono symbol file
Symbol file data-000001E788371D40 doesn't match image C:\Users\lukas\Documents\GitHub\Pro5\Pro5 Game\Library\ScriptAssemblies\UnityEngine.UI.dll
Symbol file LoadedFromMemory is not a mono symbol file
Symbol file data-000001E79872BED0 doesn't match image C:\Users\lukas\Documents\GitHub\Pro5\Pro5 Game\Library\ScriptAssemblies\Unity.Notifications.Android.dll
Symbol file LoadedFromMemory is not a mono symbol file
Symbol file data-000001E79872BED0 doesn't match image C:\Users\lukas\Documents\GitHub\Pro5\Pro5 Game\Library\ScriptAssemblies\Unity.Notifications.iOS.dll
Symbol file LoadedFromMemory is not a mono symbol file
Native extension for WindowsStandalone target not found
Refreshing native plugins compatible for Editor in 0.56 ms, found 2 plugins.
Preloading 0 native plugins for Editor in 0.00 ms.
Mono: successfully reloaded assembly
- Completed reload, in  1.255 seconds
Domain Reload Profiling:
	ReloadAssembly (1255ms)
		BeginReloadAssembly (134ms)
			ExecutionOrderSort (0ms)
			DisableScriptedObjects (5ms)
			BackupInstance (0ms)
			ReleaseScriptingObjects (0ms)
			CreateAndSetChildDomain (37ms)
		EndReloadAssembly (1042ms)
			LoadAssemblies (104ms)
			RebuildTransferFunctionScriptingTraits (0ms)
			SetupTypeCache (294ms)
			ReleaseScriptCaches (1ms)
			RebuildScriptCaches (42ms)
			SetupLoadedEditorAssemblies (445ms)
				LogAssemblyErrors (0ms)
				InitializePlatformSupportModulesInManaged (6ms)
				SetLoadedEditorAssemblies (1ms)
				RefreshPlugins (1ms)
				BeforeProcessingInitializeOnLoad (103ms)
				ProcessInitializeOnLoadAttributes (320ms)
				ProcessInitializeOnLoadMethodAttributes (5ms)
				AfterProcessingInitializeOnLoad (10ms)
				EditorAssembliesLoaded (0ms)
			ExecutionOrderSort2 (0ms)
			AwakeInstancesAfterBackupRestoration (8ms)
Platform modules already initialized, skipping
Switching build target platform(19) subTarget(0) extendedPlatform(0) -> platform(13) subTarget(537395200) extendedPlatform(0)
Refreshing native plugins compatible for Editor in 0.56 ms, found 2 plugins.
Preloading 0 native plugins for Editor in 0.00 ms.
Unloading 1559 Unused Serialized files (Serialized files now loaded: 0)
System memory in use before: 74.2 MB.
System memory in use after: 74.4 MB.

Unloading 26 unused Assets to reduce memory usage. Loaded Objects now: 2000.
Total: 3.263500 ms (FindLiveObjects: 0.189800 ms CreateObjectMapping: 0.039900 ms MarkObjects: 3.003400 ms  DeleteObjects: 0.028800 ms)

AssetImportParameters requested are different than current active one (requested -> active):
  custom:framework-win-MediaFoundation: 216162199b28c13a410421893ffa2e32 -> 
  custom:video-decoder-ogg-theora: a1e56fd34408186e4bbccfd4996cb3dc -> 
  custom:container-muxer-webm: aa71ff27fc2769a1b78a27578f13a17b -> 
  custom:container-demuxer-webm: 4f35f7cbe854078d1ac9338744f61a02 -> 
  custom:container-demuxer-ogg: 62fdf1f143b41e24485cea50d1cbac27 -> 
  custom:video-encoder-webm-vp8: eb34c28f22e8b96e1ab97ce403110664 -> 
  custom:video-decoder-webm-vp8: 9c59270c3fd7afecdb556c50c9e8de78 -> 
  custom:graphics/normal-map-encoding: 01000000000000000000000000000000 -> 02000000000000000000000000000000
  custom:audio-decoder-ogg-vorbis: bf7c407c2cedff20999df2af8eb42d56 -> 
  custom:audio-encoder-webm-vorbis: bf7c407c2cedff20999df2af8eb42d56 -> 
========================================================================
Received Prepare
Registering precompiled user dll's ...
Registered in 0.005176 seconds.
Begin MonoManager ReloadAssembly
Symbol file data-000001E79872E740 doesn't match image C:\Users\lukas\Documents\GitHub\Pro5\Pro5 Game\Library\ScriptAssemblies\Unity.VSCode.Editor.dll
Symbol file LoadedFromMemory is not a mono symbol file
Symbol file data-000001E79872E740 doesn't match image C:\Users\lukas\Documents\GitHub\Pro5\Pro5 Game\Library\ScriptAssemblies\Unity.Notifications.dll
Symbol file LoadedFromMemory is not a mono symbol file
Symbol file data-000001E787542030 doesn't match image C:\Users\lukas\Documents\GitHub\Pro5\Pro5 Game\Library\ScriptAssemblies\Unity.TextMeshPro.Editor.dll
Symbol file LoadedFromMemory is not a mono symbol file
Symbol file data-000001E78528C030 doesn't match image C:\Users\lukas\Documents\GitHub\Pro5\Pro5 Game\Library\ScriptAssemblies\Unity.VisualStudio.Editor.dll
Symbol file LoadedFromMemory is not a mono symbol file
Symbol file data-000001E787810960 doesn't match image C:\Users\lukas\Documents\GitHub\Pro5\Pro5 Game\Library\ScriptAssemblies\Unity.Mobile.AndroidLogcat.Editor.dll
Symbol file LoadedFromMemory is not a mono symbol file
Symbol file data-000001E787810960 doesn't match image C:\Users\lukas\Documents\GitHub\Pro5\Pro5 Game\Library\ScriptAssemblies\UnityEngine.TestRunner.dll
Symbol file LoadedFromMemory is not a mono symbol file
Symbol file data-000001E781C6EEA0 doesn't match image C:\Users\lukas\Documents\GitHub\Pro5\Pro5 Game\Library\ScriptAssemblies\Unity.Timeline.Editor.dll
Symbol file LoadedFromMemory is not a mono symbol file
Symbol file data-000001E781BB4020 doesn't match image C:\Users\lukas\Documents\GitHub\Pro5\Pro5 Game\Library\ScriptAssemblies\Unity.Timeline.dll
Symbol file LoadedFromMemory is not a mono symbol file
Symbol file data-000001E7854174F0 doesn't match image C:\Users\lukas\Documents\GitHub\Pro5\Pro5 Game\Library\ScriptAssemblies\Unity.TextMeshPro.dll
Symbol file LoadedFromMemory is not a mono symbol file
Symbol file data-000001E787810960 doesn't match image C:\Users\lukas\Documents\GitHub\Pro5\Pro5 Game\Library\ScriptAssemblies\Unity.CollabProxy.Editor.dll
Symbol file LoadedFromMemory is not a mono symbol file
Symbol file data-000001E784B5E010 doesn't match image C:\Users\lukas\Documents\GitHub\Pro5\Pro5 Game\Library\ScriptAssemblies\UnityEditor.TestRunner.dll
Symbol file LoadedFromMemory is not a mono symbol file
Symbol file data-000001E7877FE030 doesn't match image C:\Users\lukas\Documents\GitHub\Pro5\Pro5 Game\Library\ScriptAssemblies\UnityEditor.UI.dll
Symbol file LoadedFromMemory is not a mono symbol file
Symbol file data-000001E788779020 doesn't match image C:\Users\lukas\Documents\GitHub\Pro5\Pro5 Game\Library\ScriptAssemblies\Unity.PlasticSCM.Editor.dll
Symbol file LoadedFromMemory is not a mono symbol file
Symbol file data-000001E781954020 doesn't match image C:\Users\lukas\Documents\GitHub\Pro5\Pro5 Game\Library\ScriptAssemblies\Unity.Rider.Editor.dll
Symbol file LoadedFromMemory is not a mono symbol file
Symbol file data-000001E788371D40 doesn't match image C:\Users\lukas\Documents\GitHub\Pro5\Pro5 Game\Library\ScriptAssemblies\UnityEngine.UI.dll
Symbol file LoadedFromMemory is not a mono symbol file
Symbol file data-000001E7805BB450 doesn't match image C:\Users\lukas\Documents\GitHub\Pro5\Pro5 Game\Library\ScriptAssemblies\Unity.Notifications.Android.dll
Symbol file LoadedFromMemory is not a mono symbol file
Symbol file data-000001E7805BB450 doesn't match image C:\Users\lukas\Documents\GitHub\Pro5\Pro5 Game\Library\ScriptAssemblies\Unity.Notifications.iOS.dll
Symbol file LoadedFromMemory is not a mono symbol file
Native extension for WindowsStandalone target not found
Refreshing native plugins compatible for Editor in 0.56 ms, found 2 plugins.
Preloading 0 native plugins for Editor in 0.00 ms.
Mono: successfully reloaded assembly
- Completed reload, in  1.208 seconds
Domain Reload Profiling:
	ReloadAssembly (1208ms)
		BeginReloadAssembly (120ms)
			ExecutionOrderSort (0ms)
			DisableScriptedObjects (5ms)
			BackupInstance (0ms)
			ReleaseScriptingObjects (0ms)
			CreateAndSetChildDomain (31ms)
		EndReloadAssembly (1014ms)
			LoadAssemblies (96ms)
			RebuildTransferFunctionScriptingTraits (0ms)
			SetupTypeCache (286ms)
			ReleaseScriptCaches (1ms)
			RebuildScriptCaches (53ms)
			SetupLoadedEditorAssemblies (415ms)
				LogAssemblyErrors (0ms)
				InitializePlatformSupportModulesInManaged (5ms)
				SetLoadedEditorAssemblies (0ms)
				RefreshPlugins (1ms)
				BeforeProcessingInitializeOnLoad (93ms)
				ProcessInitializeOnLoadAttributes (301ms)
				ProcessInitializeOnLoadMethodAttributes (5ms)
				AfterProcessingInitializeOnLoad (9ms)
				EditorAssembliesLoaded (0ms)
			ExecutionOrderSort2 (0ms)
			AwakeInstancesAfterBackupRestoration (8ms)
Platform modules already initialized, skipping
Switching build target platform(19) subTarget(0) extendedPlatform(0) -> platform(13) subTarget(537395200) extendedPlatform(0)
Refreshing native plugins compatible for Editor in 0.76 ms, found 2 plugins.
Preloading 0 native plugins for Editor in 0.00 ms.
Unloading 1559 Unused Serialized files (Serialized files now loaded: 0)
System memory in use before: 74.3 MB.
System memory in use after: 74.4 MB.

Unloading 26 unused Assets to reduce memory usage. Loaded Objects now: 2002.
Total: 3.211200 ms (FindLiveObjects: 0.170700 ms CreateObjectMapping: 0.037000 ms MarkObjects: 2.981100 ms  DeleteObjects: 0.021100 ms)

AssetImportParameters requested are different than current active one (requested -> active):
  custom:framework-win-MediaFoundation: 216162199b28c13a410421893ffa2e32 -> 
  custom:video-decoder-ogg-theora: a1e56fd34408186e4bbccfd4996cb3dc -> 
  custom:container-muxer-webm: aa71ff27fc2769a1b78a27578f13a17b -> 
  custom:container-demuxer-webm: 4f35f7cbe854078d1ac9338744f61a02 -> 
  custom:container-demuxer-ogg: 62fdf1f143b41e24485cea50d1cbac27 -> 
  custom:video-encoder-webm-vp8: eb34c28f22e8b96e1ab97ce403110664 -> 
  custom:video-decoder-webm-vp8: 9c59270c3fd7afecdb556c50c9e8de78 -> 
  custom:graphics/normal-map-encoding: 01000000000000000000000000000000 -> 02000000000000000000000000000000
  custom:audio-decoder-ogg-vorbis: bf7c407c2cedff20999df2af8eb42d56 -> 
  custom:audio-encoder-webm-vorbis: bf7c407c2cedff20999df2af8eb42d56 -> 
========================================================================
Received Prepare
Registering precompiled user dll's ...
Registered in 0.005687 seconds.
Begin MonoManager ReloadAssembly
Symbol file data-000001E781FA2010 doesn't match image C:\Users\lukas\Documents\GitHub\Pro5\Pro5 Game\Library\ScriptAssemblies\Unity.VSCode.Editor.dll
Symbol file LoadedFromMemory is not a mono symbol file
Symbol file data-000001E781FA2010 doesn't match image C:\Users\lukas\Documents\GitHub\Pro5\Pro5 Game\Library\ScriptAssemblies\Unity.Notifications.dll
Symbol file LoadedFromMemory is not a mono symbol file
Symbol file data-000001E788913010 doesn't match image C:\Users\lukas\Documents\GitHub\Pro5\Pro5 Game\Library\ScriptAssemblies\Unity.TextMeshPro.Editor.dll
Symbol file LoadedFromMemory is not a mono symbol file
Symbol file data-000001E78528C030 doesn't match image C:\Users\lukas\Documents\GitHub\Pro5\Pro5 Game\Library\ScriptAssemblies\Unity.VisualStudio.Editor.dll
Symbol file LoadedFromMemory is not a mono symbol file
Symbol file data-000001E787A22020 doesn't match image C:\Users\lukas\Documents\GitHub\Pro5\Pro5 Game\Library\ScriptAssemblies\Unity.Mobile.AndroidLogcat.Editor.dll
Symbol file LoadedFromMemory is not a mono symbol file
Symbol file data-000001E787A22020 doesn't match image C:\Users\lukas\Documents\GitHub\Pro5\Pro5 Game\Library\ScriptAssemblies\UnityEngine.TestRunner.dll
Symbol file LoadedFromMemory is not a mono symbol file
Symbol file data-000001E78882B070 doesn't match image C:\Users\lukas\Documents\GitHub\Pro5\Pro5 Game\Library\ScriptAssemblies\Unity.Timeline.Editor.dll
Symbol file LoadedFromMemory is not a mono symbol file
Symbol file data-000001E786D35020 doesn't match image C:\Users\lukas\Documents\GitHub\Pro5\Pro5 Game\Library\ScriptAssemblies\Unity.Timeline.dll
Symbol file LoadedFromMemory is not a mono symbol file
Symbol file data-000001E781AFC010 doesn't match image C:\Users\lukas\Documents\GitHub\Pro5\Pro5 Game\Library\ScriptAssemblies\Unity.TextMeshPro.dll
Symbol file LoadedFromMemory is not a mono symbol file
Symbol file data-000001E787A22020 doesn't match image C:\Users\lukas\Documents\GitHub\Pro5\Pro5 Game\Library\ScriptAssemblies\Unity.CollabProxy.Editor.dll
Symbol file LoadedFromMemory is not a mono symbol file
Symbol file data-000001E784B5E010 doesn't match image C:\Users\lukas\Documents\GitHub\Pro5\Pro5 Game\Library\ScriptAssemblies\UnityEditor.TestRunner.dll
Symbol file LoadedFromMemory is not a mono symbol file
Symbol file data-000001E7877FE030 doesn't match image C:\Users\lukas\Documents\GitHub\Pro5\Pro5 Game\Library\ScriptAssemblies\UnityEditor.UI.dll
Symbol file LoadedFromMemory is not a mono symbol file
Symbol file data-000001E784C61030 doesn't match image C:\Users\lukas\Documents\GitHub\Pro5\Pro5 Game\Library\ScriptAssemblies\Unity.PlasticSCM.Editor.dll
Symbol file LoadedFromMemory is not a mono symbol file
Symbol file data-000001E781954020 doesn't match image C:\Users\lukas\Documents\GitHub\Pro5\Pro5 Game\Library\ScriptAssemblies\Unity.Rider.Editor.dll
Symbol file LoadedFromMemory is not a mono symbol file
Symbol file data-000001E788371D40 doesn't match image C:\Users\lukas\Documents\GitHub\Pro5\Pro5 Game\Library\ScriptAssemblies\UnityEngine.UI.dll
Symbol file LoadedFromMemory is not a mono symbol file
Symbol file data-000001E7805BB450 doesn't match image C:\Users\lukas\Documents\GitHub\Pro5\Pro5 Game\Library\ScriptAssemblies\Unity.Notifications.Android.dll
Symbol file LoadedFromMemory is not a mono symbol file
Symbol file data-000001E7805BB450 doesn't match image C:\Users\lukas\Documents\GitHub\Pro5\Pro5 Game\Library\ScriptAssemblies\Unity.Notifications.iOS.dll
Symbol file LoadedFromMemory is not a mono symbol file
Native extension for WindowsStandalone target not found
Refreshing native plugins compatible for Editor in 0.62 ms, found 2 plugins.
Preloading 0 native plugins for Editor in 0.00 ms.
Mono: successfully reloaded assembly
- Completed reload, in  1.303 seconds
Domain Reload Profiling:
	ReloadAssembly (1303ms)
		BeginReloadAssembly (128ms)
			ExecutionOrderSort (0ms)
			DisableScriptedObjects (6ms)
			BackupInstance (0ms)
			ReleaseScriptingObjects (0ms)
			CreateAndSetChildDomain (34ms)
		EndReloadAssembly (1097ms)
			LoadAssemblies (102ms)
			RebuildTransferFunctionScriptingTraits (0ms)
			SetupTypeCache (297ms)
			ReleaseScriptCaches (1ms)
			RebuildScriptCaches (42ms)
			SetupLoadedEditorAssemblies (485ms)
				LogAssemblyErrors (0ms)
				InitializePlatformSupportModulesInManaged (6ms)
				SetLoadedEditorAssemblies (1ms)
				RefreshPlugins (1ms)
				BeforeProcessingInitializeOnLoad (103ms)
				ProcessInitializeOnLoadAttributes (361ms)
				ProcessInitializeOnLoadMethodAttributes (5ms)
				AfterProcessingInitializeOnLoad (10ms)
				EditorAssembliesLoaded (0ms)
			ExecutionOrderSort2 (0ms)
			AwakeInstancesAfterBackupRestoration (8ms)
Platform modules already initialized, skipping
Switching build target platform(19) subTarget(0) extendedPlatform(0) -> platform(13) subTarget(537395200) extendedPlatform(0)
Refreshing native plugins compatible for Editor in 0.56 ms, found 2 plugins.
Preloading 0 native plugins for Editor in 0.00 ms.
Unloading 1559 Unused Serialized files (Serialized files now loaded: 0)
System memory in use before: 74.3 MB.
System memory in use after: 74.4 MB.

Unloading 26 unused Assets to reduce memory usage. Loaded Objects now: 2004.
Total: 3.539200 ms (FindLiveObjects: 0.289400 ms CreateObjectMapping: 0.115200 ms MarkObjects: 3.109400 ms  DeleteObjects: 0.023800 ms)

AssetImportParameters requested are different than current active one (requested -> active):
  custom:framework-win-MediaFoundation: 216162199b28c13a410421893ffa2e32 -> 
  custom:video-decoder-ogg-theora: a1e56fd34408186e4bbccfd4996cb3dc -> 
  custom:container-muxer-webm: aa71ff27fc2769a1b78a27578f13a17b -> 
  custom:container-demuxer-webm: 4f35f7cbe854078d1ac9338744f61a02 -> 
  custom:container-demuxer-ogg: 62fdf1f143b41e24485cea50d1cbac27 -> 
  custom:video-encoder-webm-vp8: eb34c28f22e8b96e1ab97ce403110664 -> 
  custom:video-decoder-webm-vp8: 9c59270c3fd7afecdb556c50c9e8de78 -> 
  custom:graphics/normal-map-encoding: 01000000000000000000000000000000 -> 02000000000000000000000000000000
  custom:audio-decoder-ogg-vorbis: bf7c407c2cedff20999df2af8eb42d56 -> 
  custom:audio-encoder-webm-vorbis: bf7c407c2cedff20999df2af8eb42d56 -> 
========================================================================
Received Import Request.
  Time since last request: 235.281470 seconds.
  path: Assets/Prefabs/Enemies/assassin/AssassinEnemy.prefab
  artifactKey: Guid(3df39b7dd99a70a46b3a9f111dc375e2) Importer(815301076,1909f56bfc062723c751e8b465ee728b)
Start importing Assets/Prefabs/Enemies/assassin/AssassinEnemy.prefab using Guid(3df39b7dd99a70a46b3a9f111dc375e2) Importer(815301076,1909f56bfc062723c751e8b465ee728b)  -> (artifact id: '99c77e68b623217058c65f5a2c34deea') in 0.076572 seconds 
  Import took 0.079684 seconds .

========================================================================
Received Import Request.
  Time since last request: 1.618061 seconds.
  path: Assets/Prefabs/Enemies/assassin/AssassinEnemy.prefab
  artifactKey: Guid(3df39b7dd99a70a46b3a9f111dc375e2) Importer(815301076,1909f56bfc062723c751e8b465ee728b)
Start importing Assets/Prefabs/Enemies/assassin/AssassinEnemy.prefab using Guid(3df39b7dd99a70a46b3a9f111dc375e2) Importer(815301076,1909f56bfc062723c751e8b465ee728b)  -> (artifact id: 'd2dfa160ea4e39a4f12264af9e8038a6') in 0.020589 seconds 
  Import took 0.023751 seconds .

========================================================================
Received Import Request.
  Time since last request: 7.879432 seconds.
  path: Assets/Prefabs/Enemies/drone/DroneEnemy.prefab
  artifactKey: Guid(8b95cd50cd6265b4cab852427f314474) Importer(815301076,1909f56bfc062723c751e8b465ee728b)
Start importing Assets/Prefabs/Enemies/drone/DroneEnemy.prefab using Guid(8b95cd50cd6265b4cab852427f314474) Importer(815301076,1909f56bfc062723c751e8b465ee728b)  -> (artifact id: 'ff223b0c0257880646fd76320336a555') in 0.016203 seconds 
  Import took 0.019938 seconds .

========================================================================
Received Import Request.
  Time since last request: 0.382243 seconds.
  path: Assets/Prefabs/Enemies/drone/DroneEnemy.prefab
  artifactKey: Guid(8b95cd50cd6265b4cab852427f314474) Importer(815301076,1909f56bfc062723c751e8b465ee728b)
Start importing Assets/Prefabs/Enemies/drone/DroneEnemy.prefab using Guid(8b95cd50cd6265b4cab852427f314474) Importer(815301076,1909f56bfc062723c751e8b465ee728b)  -> (artifact id: 'e3cefcdf68d8795ab17a74712e64b401') in 0.018653 seconds 
  Import took 0.021639 seconds .

========================================================================
Received Import Request.
  Time since last request: 0.182262 seconds.
  path: Assets/Prefabs/Enemies/drone/DroneEnemy.prefab
  artifactKey: Guid(8b95cd50cd6265b4cab852427f314474) Importer(815301076,1909f56bfc062723c751e8b465ee728b)
Start importing Assets/Prefabs/Enemies/drone/DroneEnemy.prefab using Guid(8b95cd50cd6265b4cab852427f314474) Importer(815301076,1909f56bfc062723c751e8b465ee728b)  -> (artifact id: 'a91194d4231641d65d375696e079b13b') in 0.017066 seconds 
  Import took 0.020073 seconds .

========================================================================
Received Import Request.
  Time since last request: 1.597746 seconds.
  path: Assets/Prefabs/Enemies/drone/DroneEnemy.prefab
  artifactKey: Guid(8b95cd50cd6265b4cab852427f314474) Importer(815301076,1909f56bfc062723c751e8b465ee728b)
Start importing Assets/Prefabs/Enemies/drone/DroneEnemy.prefab using Guid(8b95cd50cd6265b4cab852427f314474) Importer(815301076,1909f56bfc062723c751e8b465ee728b)  -> (artifact id: '8bf046a949d859a7653a2e0660d8e7c5') in 0.014413 seconds 
  Import took 0.017392 seconds .

========================================================================
Received Import Request.
  Time since last request: 4.718832 seconds.
  path: Assets/Prefabs/Enemies/ronin/RoninEnemy.prefab
  artifactKey: Guid(cc01e81e1ef79e348a8b5cf2c55cbc2d) Importer(815301076,1909f56bfc062723c751e8b465ee728b)
Start importing Assets/Prefabs/Enemies/ronin/RoninEnemy.prefab using Guid(cc01e81e1ef79e348a8b5cf2c55cbc2d) Importer(815301076,1909f56bfc062723c751e8b465ee728b)  -> (artifact id: '50836e8464011661dd2c7ab36e9e435a') in 0.015295 seconds 
  Import took 0.018724 seconds .

========================================================================
Received Import Request.
  Time since last request: 0.383645 seconds.
  path: Assets/Prefabs/Enemies/ronin/RoninEnemy.prefab
  artifactKey: Guid(cc01e81e1ef79e348a8b5cf2c55cbc2d) Importer(815301076,1909f56bfc062723c751e8b465ee728b)
Start importing Assets/Prefabs/Enemies/ronin/RoninEnemy.prefab using Guid(cc01e81e1ef79e348a8b5cf2c55cbc2d) Importer(815301076,1909f56bfc062723c751e8b465ee728b)  -> (artifact id: '8aaec073613680e180e183b34116d917') in 0.015831 seconds 
  Import took 0.019429 seconds .

========================================================================
Received Import Request.
  Time since last request: 0.004877 seconds.
  path: Assets/Prefabs/Enemies/ronin/RoninEnemy.prefab
  artifactKey: Guid(cc01e81e1ef79e348a8b5cf2c55cbc2d) Importer(815301076,1909f56bfc062723c751e8b465ee728b)
Start importing Assets/Prefabs/Enemies/ronin/RoninEnemy.prefab using Guid(cc01e81e1ef79e348a8b5cf2c55cbc2d) Importer(815301076,1909f56bfc062723c751e8b465ee728b)  -> (artifact id: '8aaec073613680e180e183b34116d917') in 0.014589 seconds 
  Import took 0.018470 seconds .

========================================================================
Received Import Request.
  Time since last request: 1.169973 seconds.
  path: Assets/Prefabs/Enemies/ronin/RoninEnemy.prefab
  artifactKey: Guid(cc01e81e1ef79e348a8b5cf2c55cbc2d) Importer(815301076,1909f56bfc062723c751e8b465ee728b)
Start importing Assets/Prefabs/Enemies/ronin/RoninEnemy.prefab using Guid(cc01e81e1ef79e348a8b5cf2c55cbc2d) Importer(815301076,1909f56bfc062723c751e8b465ee728b)  -> (artifact id: 'a75a20155fd97abf5322cb6c2524e0c6') in 0.015898 seconds 
  Import took 0.018922 seconds .

========================================================================
Received Prepare
Registering precompiled user dll's ...
Registered in 0.005485 seconds.
Begin MonoManager ReloadAssembly
Symbol file data-000001E781FA2010 doesn't match image C:\Users\lukas\Documents\GitHub\Pro5\Pro5 Game\Library\ScriptAssemblies\Unity.VSCode.Editor.dll
Symbol file LoadedFromMemory is not a mono symbol file
Symbol file data-000001E781FA2010 doesn't match image C:\Users\lukas\Documents\GitHub\Pro5\Pro5 Game\Library\ScriptAssemblies\Unity.Notifications.dll
Symbol file LoadedFromMemory is not a mono symbol file
Symbol file data-000001E78885D030 doesn't match image C:\Users\lukas\Documents\GitHub\Pro5\Pro5 Game\Library\ScriptAssemblies\Unity.TextMeshPro.Editor.dll
Symbol file LoadedFromMemory is not a mono symbol file
Symbol file data-000001E78528C030 doesn't match image C:\Users\lukas\Documents\GitHub\Pro5\Pro5 Game\Library\ScriptAssemblies\Unity.VisualStudio.Editor.dll
Symbol file LoadedFromMemory is not a mono symbol file
Symbol file data-000001E787A22020 doesn't match image C:\Users\lukas\Documents\GitHub\Pro5\Pro5 Game\Library\ScriptAssemblies\Unity.Mobile.AndroidLogcat.Editor.dll
Symbol file LoadedFromMemory is not a mono symbol file
Symbol file data-000001E787A22020 doesn't match image C:\Users\lukas\Documents\GitHub\Pro5\Pro5 Game\Library\ScriptAssemblies\UnityEngine.TestRunner.dll
Symbol file LoadedFromMemory is not a mono symbol file
Symbol file data-000001E786C11010 doesn't match image C:\Users\lukas\Documents\GitHub\Pro5\Pro5 Game\Library\ScriptAssemblies\Unity.Timeline.Editor.dll
Symbol file LoadedFromMemory is not a mono symbol file
Symbol file data-000001E781F07020 doesn't match image C:\Users\lukas\Documents\GitHub\Pro5\Pro5 Game\Library\ScriptAssemblies\Unity.Timeline.dll
Symbol file LoadedFromMemory is not a mono symbol file
Symbol file data-000001E781AFC010 doesn't match image C:\Users\lukas\Documents\GitHub\Pro5\Pro5 Game\Library\ScriptAssemblies\Unity.TextMeshPro.dll
Symbol file LoadedFromMemory is not a mono symbol file
Symbol file data-000001E787A22020 doesn't match image C:\Users\lukas\Documents\GitHub\Pro5\Pro5 Game\Library\ScriptAssemblies\Unity.CollabProxy.Editor.dll
Symbol file LoadedFromMemory is not a mono symbol file
Symbol file data-000001E784B5E010 doesn't match image C:\Users\lukas\Documents\GitHub\Pro5\Pro5 Game\Library\ScriptAssemblies\UnityEditor.TestRunner.dll
Symbol file LoadedFromMemory is not a mono symbol file
Symbol file data-000001E7877FE030 doesn't match image C:\Users\lukas\Documents\GitHub\Pro5\Pro5 Game\Library\ScriptAssemblies\UnityEditor.UI.dll
Symbol file LoadedFromMemory is not a mono symbol file
Symbol file data-000001E784C61030 doesn't match image C:\Users\lukas\Documents\GitHub\Pro5\Pro5 Game\Library\ScriptAssemblies\Unity.PlasticSCM.Editor.dll
Symbol file LoadedFromMemory is not a mono symbol file
Symbol file data-000001E781954020 doesn't match image C:\Users\lukas\Documents\GitHub\Pro5\Pro5 Game\Library\ScriptAssemblies\Unity.Rider.Editor.dll
Symbol file LoadedFromMemory is not a mono symbol file
Symbol file data-000001E789990020 doesn't match image C:\Users\lukas\Documents\GitHub\Pro5\Pro5 Game\Library\ScriptAssemblies\UnityEngine.UI.dll
Symbol file LoadedFromMemory is not a mono symbol file
Symbol file data-000001E798726AD0 doesn't match image C:\Users\lukas\Documents\GitHub\Pro5\Pro5 Game\Library\ScriptAssemblies\Unity.Notifications.Android.dll
Symbol file LoadedFromMemory is not a mono symbol file
Symbol file data-000001E798726AD0 doesn't match image C:\Users\lukas\Documents\GitHub\Pro5\Pro5 Game\Library\ScriptAssemblies\Unity.Notifications.iOS.dll
Symbol file LoadedFromMemory is not a mono symbol file
Native extension for WindowsStandalone target not found
Refreshing native plugins compatible for Editor in 0.76 ms, found 2 plugins.
Preloading 0 native plugins for Editor in 0.00 ms.
Mono: successfully reloaded assembly
- Completed reload, in  1.233 seconds
Domain Reload Profiling:
	ReloadAssembly (1233ms)
		BeginReloadAssembly (124ms)
			ExecutionOrderSort (0ms)
			DisableScriptedObjects (5ms)
			BackupInstance (0ms)
			ReleaseScriptingObjects (0ms)
			CreateAndSetChildDomain (34ms)
		EndReloadAssembly (1034ms)
			LoadAssemblies (98ms)
			RebuildTransferFunctionScriptingTraits (0ms)
			SetupTypeCache (291ms)
			ReleaseScriptCaches (1ms)
			RebuildScriptCaches (41ms)
			SetupLoadedEditorAssemblies (421ms)
				LogAssemblyErrors (0ms)
				InitializePlatformSupportModulesInManaged (6ms)
				SetLoadedEditorAssemblies (1ms)
				RefreshPlugins (1ms)
				BeforeProcessingInitializeOnLoad (87ms)
				ProcessInitializeOnLoadAttributes (311ms)
				ProcessInitializeOnLoadMethodAttributes (5ms)
				AfterProcessingInitializeOnLoad (10ms)
				EditorAssembliesLoaded (0ms)
			ExecutionOrderSort2 (0ms)
			AwakeInstancesAfterBackupRestoration (8ms)
Platform modules already initialized, skipping
Switching build target platform(19) subTarget(0) extendedPlatform(0) -> platform(13) subTarget(537395200) extendedPlatform(0)
Refreshing native plugins compatible for Editor in 0.54 ms, found 2 plugins.
Preloading 0 native plugins for Editor in 0.00 ms.
Unloading 1559 Unused Serialized files (Serialized files now loaded: 0)
System memory in use before: 74.3 MB.
System memory in use after: 74.4 MB.

Unloading 26 unused Assets to reduce memory usage. Loaded Objects now: 2007.
Total: 3.411900 ms (FindLiveObjects: 0.184900 ms CreateObjectMapping: 0.038500 ms MarkObjects: 3.152300 ms  DeleteObjects: 0.034700 ms)

AssetImportParameters requested are different than current active one (requested -> active):
  custom:framework-win-MediaFoundation: 216162199b28c13a410421893ffa2e32 -> 
  custom:video-decoder-ogg-theora: a1e56fd34408186e4bbccfd4996cb3dc -> 
  custom:container-muxer-webm: aa71ff27fc2769a1b78a27578f13a17b -> 
  custom:container-demuxer-webm: 4f35f7cbe854078d1ac9338744f61a02 -> 
  custom:container-demuxer-ogg: 62fdf1f143b41e24485cea50d1cbac27 -> 
  custom:video-encoder-webm-vp8: eb34c28f22e8b96e1ab97ce403110664 -> 
  custom:video-decoder-webm-vp8: 9c59270c3fd7afecdb556c50c9e8de78 -> 
  custom:graphics/normal-map-encoding: 01000000000000000000000000000000 -> 02000000000000000000000000000000
  custom:audio-decoder-ogg-vorbis: bf7c407c2cedff20999df2af8eb42d56 -> 
  custom:audio-encoder-webm-vorbis: bf7c407c2cedff20999df2af8eb42d56 -> 
========================================================================
Received Import Request.
  Time since last request: 67.213294 seconds.
  path: Assets/Prefabs/Enemies/ronin/RoninEnemy.prefab
  artifactKey: Guid(cc01e81e1ef79e348a8b5cf2c55cbc2d) Importer(815301076,1909f56bfc062723c751e8b465ee728b)
Start importing Assets/Prefabs/Enemies/ronin/RoninEnemy.prefab using Guid(cc01e81e1ef79e348a8b5cf2c55cbc2d) Importer(815301076,1909f56bfc062723c751e8b465ee728b)  -> (artifact id: '93eb394b8519c2ffc77b981d58059a30') in 0.064000 seconds 
  Import took 0.066965 seconds .

========================================================================
Received Prepare
Registering precompiled user dll's ...
Registered in 0.005057 seconds.
Begin MonoManager ReloadAssembly
Symbol file data-000001E78838B020 doesn't match image C:\Users\lukas\Documents\GitHub\Pro5\Pro5 Game\Library\ScriptAssemblies\Unity.VSCode.Editor.dll
Symbol file LoadedFromMemory is not a mono symbol file
Symbol file data-000001E78838B020 doesn't match image C:\Users\lukas\Documents\GitHub\Pro5\Pro5 Game\Library\ScriptAssemblies\Unity.Notifications.dll
Symbol file LoadedFromMemory is not a mono symbol file
Symbol file data-000001E78885D030 doesn't match image C:\Users\lukas\Documents\GitHub\Pro5\Pro5 Game\Library\ScriptAssemblies\Unity.TextMeshPro.Editor.dll
Symbol file LoadedFromMemory is not a mono symbol file
Symbol file data-000001E78528C030 doesn't match image C:\Users\lukas\Documents\GitHub\Pro5\Pro5 Game\Library\ScriptAssemblies\Unity.VisualStudio.Editor.dll
Symbol file LoadedFromMemory is not a mono symbol file
Symbol file data-000001E787810960 doesn't match image C:\Users\lukas\Documents\GitHub\Pro5\Pro5 Game\Library\ScriptAssemblies\Unity.Mobile.AndroidLogcat.Editor.dll
Symbol file LoadedFromMemory is not a mono symbol file
Symbol file data-000001E787810960 doesn't match image C:\Users\lukas\Documents\GitHub\Pro5\Pro5 Game\Library\ScriptAssemblies\UnityEngine.TestRunner.dll
Symbol file LoadedFromMemory is not a mono symbol file
Symbol file data-000001E789C02040 doesn't match image C:\Users\lukas\Documents\GitHub\Pro5\Pro5 Game\Library\ScriptAssemblies\Unity.Timeline.Editor.dll
Symbol file LoadedFromMemory is not a mono symbol file
Symbol file data-000001E781F07020 doesn't match image C:\Users\lukas\Documents\GitHub\Pro5\Pro5 Game\Library\ScriptAssemblies\Unity.Timeline.dll
Symbol file LoadedFromMemory is not a mono symbol file
Symbol file data-000001E781AFC010 doesn't match image C:\Users\lukas\Documents\GitHub\Pro5\Pro5 Game\Library\ScriptAssemblies\Unity.TextMeshPro.dll
Symbol file LoadedFromMemory is not a mono symbol file
Symbol file data-000001E787810960 doesn't match image C:\Users\lukas\Documents\GitHub\Pro5\Pro5 Game\Library\ScriptAssemblies\Unity.CollabProxy.Editor.dll
Symbol file LoadedFromMemory is not a mono symbol file
Symbol file data-000001E784B5E010 doesn't match image C:\Users\lukas\Documents\GitHub\Pro5\Pro5 Game\Library\ScriptAssemblies\UnityEditor.TestRunner.dll
Symbol file LoadedFromMemory is not a mono symbol file
Symbol file data-000001E7877FE030 doesn't match image C:\Users\lukas\Documents\GitHub\Pro5\Pro5 Game\Library\ScriptAssemblies\UnityEditor.UI.dll
Symbol file LoadedFromMemory is not a mono symbol file
Symbol file data-000001E789DC5010 doesn't match image C:\Users\lukas\Documents\GitHub\Pro5\Pro5 Game\Library\ScriptAssemblies\Unity.PlasticSCM.Editor.dll
Symbol file LoadedFromMemory is not a mono symbol file
Symbol file data-000001E781954020 doesn't match image C:\Users\lukas\Documents\GitHub\Pro5\Pro5 Game\Library\ScriptAssemblies\Unity.Rider.Editor.dll
Symbol file LoadedFromMemory is not a mono symbol file
Symbol file data-000001E7895A4010 doesn't match image C:\Users\lukas\Documents\GitHub\Pro5\Pro5 Game\Library\ScriptAssemblies\UnityEngine.UI.dll
Symbol file LoadedFromMemory is not a mono symbol file
Symbol file data-000001E798726AD0 doesn't match image C:\Users\lukas\Documents\GitHub\Pro5\Pro5 Game\Library\ScriptAssemblies\Unity.Notifications.Android.dll
Symbol file LoadedFromMemory is not a mono symbol file
Symbol file data-000001E798726AD0 doesn't match image C:\Users\lukas\Documents\GitHub\Pro5\Pro5 Game\Library\ScriptAssemblies\Unity.Notifications.iOS.dll
Symbol file LoadedFromMemory is not a mono symbol file
Native extension for WindowsStandalone target not found
Refreshing native plugins compatible for Editor in 0.74 ms, found 2 plugins.
Preloading 0 native plugins for Editor in 0.00 ms.
Mono: successfully reloaded assembly
- Completed reload, in  1.234 seconds
Domain Reload Profiling:
	ReloadAssembly (1235ms)
		BeginReloadAssembly (121ms)
			ExecutionOrderSort (0ms)
			DisableScriptedObjects (5ms)
			BackupInstance (0ms)
			ReleaseScriptingObjects (0ms)
			CreateAndSetChildDomain (33ms)
		EndReloadAssembly (1039ms)
			LoadAssemblies (97ms)
			RebuildTransferFunctionScriptingTraits (0ms)
			SetupTypeCache (287ms)
			ReleaseScriptCaches (1ms)
			RebuildScriptCaches (42ms)
			SetupLoadedEditorAssemblies (421ms)
				LogAssemblyErrors (0ms)
				InitializePlatformSupportModulesInManaged (6ms)
				SetLoadedEditorAssemblies (1ms)
				RefreshPlugins (1ms)
				BeforeProcessingInitializeOnLoad (87ms)
				ProcessInitializeOnLoadAttributes (313ms)
				ProcessInitializeOnLoadMethodAttributes (5ms)
				AfterProcessingInitializeOnLoad (9ms)
				EditorAssembliesLoaded (0ms)
			ExecutionOrderSort2 (0ms)
			AwakeInstancesAfterBackupRestoration (8ms)
Platform modules already initialized, skipping
Switching build target platform(19) subTarget(0) extendedPlatform(0) -> platform(13) subTarget(537395200) extendedPlatform(0)
Refreshing native plugins compatible for Editor in 0.73 ms, found 2 plugins.
Preloading 0 native plugins for Editor in 0.00 ms.
Unloading 1559 Unused Serialized files (Serialized files now loaded: 0)
System memory in use before: 74.3 MB.
System memory in use after: 74.4 MB.

Unloading 26 unused Assets to reduce memory usage. Loaded Objects now: 2010.
Total: 3.713400 ms (FindLiveObjects: 0.194800 ms CreateObjectMapping: 0.040400 ms MarkObjects: 3.449800 ms  DeleteObjects: 0.027000 ms)

AssetImportParameters requested are different than current active one (requested -> active):
  custom:framework-win-MediaFoundation: 216162199b28c13a410421893ffa2e32 -> 
  custom:video-decoder-ogg-theora: a1e56fd34408186e4bbccfd4996cb3dc -> 
  custom:container-muxer-webm: aa71ff27fc2769a1b78a27578f13a17b -> 
  custom:container-demuxer-webm: 4f35f7cbe854078d1ac9338744f61a02 -> 
  custom:container-demuxer-ogg: 62fdf1f143b41e24485cea50d1cbac27 -> 
  custom:video-encoder-webm-vp8: eb34c28f22e8b96e1ab97ce403110664 -> 
  custom:video-decoder-webm-vp8: 9c59270c3fd7afecdb556c50c9e8de78 -> 
  custom:graphics/normal-map-encoding: 01000000000000000000000000000000 -> 02000000000000000000000000000000
  custom:audio-decoder-ogg-vorbis: bf7c407c2cedff20999df2af8eb42d56 -> 
  custom:audio-encoder-webm-vorbis: bf7c407c2cedff20999df2af8eb42d56 -> 
========================================================================
Received Import Request.
  Time since last request: 22.160347 seconds.
  path: Assets/Prefabs/Enemies/assassin/AssassinEnemy.prefab
  artifactKey: Guid(3df39b7dd99a70a46b3a9f111dc375e2) Importer(815301076,1909f56bfc062723c751e8b465ee728b)
Start importing Assets/Prefabs/Enemies/assassin/AssassinEnemy.prefab using Guid(3df39b7dd99a70a46b3a9f111dc375e2) Importer(815301076,1909f56bfc062723c751e8b465ee728b)  -> (artifact id: 'd59faa90c8f6478c56ad3fdbb5a8a777') in 0.062473 seconds 
  Import took 0.065493 seconds .

========================================================================
Received Import Request.
  Time since last request: 1.673650 seconds.
  path: Assets/Prefabs/Enemies/assassin/AssassinEnemy.prefab
  artifactKey: Guid(3df39b7dd99a70a46b3a9f111dc375e2) Importer(815301076,1909f56bfc062723c751e8b465ee728b)
Start importing Assets/Prefabs/Enemies/assassin/AssassinEnemy.prefab using Guid(3df39b7dd99a70a46b3a9f111dc375e2) Importer(815301076,1909f56bfc062723c751e8b465ee728b)  -> (artifact id: 'd59faa90c8f6478c56ad3fdbb5a8a777') in 0.013537 seconds 
  Import took 0.016584 seconds .

========================================================================
Received Prepare
Registering precompiled user dll's ...
Registered in 0.005837 seconds.
Begin MonoManager ReloadAssembly
Symbol file data-000001E78733E070 doesn't match image C:\Users\lukas\Documents\GitHub\Pro5\Pro5 Game\Library\ScriptAssemblies\Unity.VSCode.Editor.dll
Symbol file LoadedFromMemory is not a mono symbol file
Symbol file data-000001E786E6B020 doesn't match image C:\Users\lukas\Documents\GitHub\Pro5\Pro5 Game\Library\ScriptAssemblies\Unity.Notifications.dll
Symbol file LoadedFromMemory is not a mono symbol file
Symbol file data-000001E78885D030 doesn't match image C:\Users\lukas\Documents\GitHub\Pro5\Pro5 Game\Library\ScriptAssemblies\Unity.TextMeshPro.Editor.dll
Symbol file LoadedFromMemory is not a mono symbol file
Symbol file data-000001E78528C030 doesn't match image C:\Users\lukas\Documents\GitHub\Pro5\Pro5 Game\Library\ScriptAssemblies\Unity.VisualStudio.Editor.dll
Symbol file LoadedFromMemory is not a mono symbol file
Symbol file data-000001E78419B010 doesn't match image C:\Users\lukas\Documents\GitHub\Pro5\Pro5 Game\Library\ScriptAssemblies\Unity.Mobile.AndroidLogcat.Editor.dll
Symbol file LoadedFromMemory is not a mono symbol file
Symbol file data-000001E78419B010 doesn't match image C:\Users\lukas\Documents\GitHub\Pro5\Pro5 Game\Library\ScriptAssemblies\UnityEngine.TestRunner.dll
Symbol file LoadedFromMemory is not a mono symbol file
Symbol file data-000001E7833D2C10 doesn't match image C:\Users\lukas\Documents\GitHub\Pro5\Pro5 Game\Library\ScriptAssemblies\Unity.Timeline.Editor.dll
Symbol file LoadedFromMemory is not a mono symbol file
Symbol file data-000001E786D35020 doesn't match image C:\Users\lukas\Documents\GitHub\Pro5\Pro5 Game\Library\ScriptAssemblies\Unity.Timeline.dll
Symbol file LoadedFromMemory is not a mono symbol file
Symbol file data-000001E781AFC010 doesn't match image C:\Users\lukas\Documents\GitHub\Pro5\Pro5 Game\Library\ScriptAssemblies\Unity.TextMeshPro.dll
Symbol file LoadedFromMemory is not a mono symbol file
Symbol file data-000001E78419B010 doesn't match image C:\Users\lukas\Documents\GitHub\Pro5\Pro5 Game\Library\ScriptAssemblies\Unity.CollabProxy.Editor.dll
Symbol file LoadedFromMemory is not a mono symbol file
Symbol file data-000001E784B5E010 doesn't match image C:\Users\lukas\Documents\GitHub\Pro5\Pro5 Game\Library\ScriptAssemblies\UnityEditor.TestRunner.dll
Symbol file LoadedFromMemory is not a mono symbol file
Symbol file data-000001E7877FE030 doesn't match image C:\Users\lukas\Documents\GitHub\Pro5\Pro5 Game\Library\ScriptAssemblies\UnityEditor.UI.dll
Symbol file LoadedFromMemory is not a mono symbol file
Symbol file data-000001E784C61030 doesn't match image C:\Users\lukas\Documents\GitHub\Pro5\Pro5 Game\Library\ScriptAssemblies\Unity.PlasticSCM.Editor.dll
Symbol file LoadedFromMemory is not a mono symbol file
Symbol file data-000001E781954020 doesn't match image C:\Users\lukas\Documents\GitHub\Pro5\Pro5 Game\Library\ScriptAssemblies\Unity.Rider.Editor.dll
Symbol file LoadedFromMemory is not a mono symbol file
Symbol file data-000001E784D29010 doesn't match image C:\Users\lukas\Documents\GitHub\Pro5\Pro5 Game\Library\ScriptAssemblies\UnityEngine.UI.dll
Symbol file LoadedFromMemory is not a mono symbol file
Symbol file data-000001E781F13040 doesn't match image C:\Users\lukas\Documents\GitHub\Pro5\Pro5 Game\Library\ScriptAssemblies\Unity.Notifications.Android.dll
Symbol file LoadedFromMemory is not a mono symbol file
Symbol file data-000001E798726AD0 doesn't match image C:\Users\lukas\Documents\GitHub\Pro5\Pro5 Game\Library\ScriptAssemblies\Unity.Notifications.iOS.dll
Symbol file LoadedFromMemory is not a mono symbol file
Native extension for WindowsStandalone target not found
Refreshing native plugins compatible for Editor in 0.55 ms, found 2 plugins.
Preloading 0 native plugins for Editor in 0.00 ms.
Mono: successfully reloaded assembly
- Completed reload, in  1.242 seconds
Domain Reload Profiling:
	ReloadAssembly (1243ms)
		BeginReloadAssembly (116ms)
			ExecutionOrderSort (0ms)
			DisableScriptedObjects (5ms)
			BackupInstance (0ms)
			ReleaseScriptingObjects (0ms)
			CreateAndSetChildDomain (33ms)
		EndReloadAssembly (1053ms)
			LoadAssemblies (98ms)
			RebuildTransferFunctionScriptingTraits (0ms)
			SetupTypeCache (302ms)
			ReleaseScriptCaches (1ms)
			RebuildScriptCaches (41ms)
			SetupLoadedEditorAssemblies (418ms)
				LogAssemblyErrors (0ms)
				InitializePlatformSupportModulesInManaged (5ms)
				SetLoadedEditorAssemblies (1ms)
				RefreshPlugins (1ms)
				BeforeProcessingInitializeOnLoad (87ms)
				ProcessInitializeOnLoadAttributes (311ms)
				ProcessInitializeOnLoadMethodAttributes (5ms)
				AfterProcessingInitializeOnLoad (9ms)
				EditorAssembliesLoaded (0ms)
			ExecutionOrderSort2 (0ms)
			AwakeInstancesAfterBackupRestoration (8ms)
Platform modules already initialized, skipping
Switching build target platform(19) subTarget(0) extendedPlatform(0) -> platform(13) subTarget(537395200) extendedPlatform(0)
Refreshing native plugins compatible for Editor in 0.54 ms, found 2 plugins.
Preloading 0 native plugins for Editor in 0.00 ms.
Unloading 1559 Unused Serialized files (Serialized files now loaded: 0)
System memory in use before: 74.3 MB.
System memory in use after: 74.5 MB.

Unloading 26 unused Assets to reduce memory usage. Loaded Objects now: 2013.
Total: 3.155900 ms (FindLiveObjects: 0.177400 ms CreateObjectMapping: 0.044500 ms MarkObjects: 2.913700 ms  DeleteObjects: 0.019100 ms)

AssetImportParameters requested are different than current active one (requested -> active):
  custom:framework-win-MediaFoundation: 216162199b28c13a410421893ffa2e32 -> 
  custom:video-decoder-ogg-theora: a1e56fd34408186e4bbccfd4996cb3dc -> 
  custom:container-muxer-webm: aa71ff27fc2769a1b78a27578f13a17b -> 
  custom:container-demuxer-webm: 4f35f7cbe854078d1ac9338744f61a02 -> 
  custom:container-demuxer-ogg: 62fdf1f143b41e24485cea50d1cbac27 -> 
  custom:video-encoder-webm-vp8: eb34c28f22e8b96e1ab97ce403110664 -> 
  custom:video-decoder-webm-vp8: 9c59270c3fd7afecdb556c50c9e8de78 -> 
  custom:graphics/normal-map-encoding: 01000000000000000000000000000000 -> 02000000000000000000000000000000
  custom:audio-decoder-ogg-vorbis: bf7c407c2cedff20999df2af8eb42d56 -> 
  custom:audio-encoder-webm-vorbis: bf7c407c2cedff20999df2af8eb42d56 -> 
AssetImportWorkerClient::OnTransportError - code=2 error=End of file
