Using pre-set license
Built from '2020.3/staging' branch; Version is '2020.3.17f1 (a4537701e4ab) revision 10769271'; Using compiler version '192528614'; Build Type 'Release'
OS: 'Windows 10 Home; OS build 19043.1348; Version 2009; 64bit' Language: 'de' Physical Memory: 32702 MB
BatchMode: 1, IsHumanControllingUs: 0, StartBugReporterOnCrash: 0, Is64bit: 1, IsPro: 0

COMMAND LINE ARGUMENTS:
D:\Neuer Ordner\Unity\2020.3.17f1\Editor\Unity.exe
-adb2
-batchMode
-noUpm
-name
AssetImportWorker0
-projectPath
C:/Users/juerg/Documents/GitHub/AlpacaSpaceship/Pro5 Game
-logFile
Logs/AssetImportWorker0.log
-srvPort
62545
Successfully changed project path to: C:/Users/juerg/Documents/GitHub/AlpacaSpaceship/Pro5 Game
C:/Users/juerg/Documents/GitHub/AlpacaSpaceship/Pro5 Game
Using Asset Import Pipeline V2.
Refreshing native plugins compatible for Editor in 27.70 ms, found 2 plugins.
Preloading 0 native plugins for Editor in 0.00 ms.
Initialize engine version: 2020.3.17f1 (a4537701e4ab)
[Subsystems] Discovering subsystems at path D:/Neuer Ordner/Unity/2020.3.17f1/Editor/Data/Resources/UnitySubsystems
[Subsystems] Discovering subsystems at path C:/Users/juerg/Documents/GitHub/AlpacaSpaceship/Pro5 Game/Assets
GfxDevice: creating device client; threaded=0
Direct3D:
    Version:  Direct3D 11.0 [level 11.1]
    Renderer: NVIDIA GeForce RTX 2080 SUPER (ID=0x1e81)
    Vendor:   
    VRAM:     8010 MB
    Driver:   30.0.14.9613
Initialize mono
Mono path[0] = 'D:/Neuer Ordner/Unity/2020.3.17f1/Editor/Data/Managed'
Mono path[1] = 'D:/Neuer Ordner/Unity/2020.3.17f1/Editor/Data/MonoBleedingEdge/lib/mono/unityjit'
Mono config path = 'D:/Neuer Ordner/Unity/2020.3.17f1/Editor/Data/MonoBleedingEdge/etc'
Using monoOptions --debugger-agent=transport=dt_socket,embedding=1,server=y,suspend=n,address=127.0.0.1:56588
Begin MonoManager ReloadAssembly
Registering precompiled unity dll's ...
Register platform support module: D:/Neuer Ordner/Unity/2020.3.17f1/Editor/Data/PlaybackEngines/WindowsStandaloneSupport/UnityEditor.WindowsStandalone.Extensions.dll
Registered in 0.000926 seconds.
Native extension for WindowsStandalone target not found
Refreshing native plugins compatible for Editor in 26.66 ms, found 2 plugins.
Preloading 0 native plugins for Editor in 0.00 ms.
Mono: successfully reloaded assembly
- Completed reload, in  1.649 seconds
Domain Reload Profiling:
	ReloadAssembly (1649ms)
		BeginReloadAssembly (47ms)
			ExecutionOrderSort (0ms)
			DisableScriptedObjects (0ms)
			BackupInstance (0ms)
			ReleaseScriptingObjects (0ms)
			CreateAndSetChildDomain (1ms)
		EndReloadAssembly (321ms)
			LoadAssemblies (47ms)
			RebuildTransferFunctionScriptingTraits (0ms)
			SetupTypeCache (122ms)
			ReleaseScriptCaches (0ms)
			RebuildScriptCaches (24ms)
			SetupLoadedEditorAssemblies (122ms)
				LogAssemblyErrors (0ms)
				InitializePlatformSupportModulesInManaged (3ms)
				SetLoadedEditorAssemblies (0ms)
				RefreshPlugins (27ms)
				BeforeProcessingInitializeOnLoad (6ms)
				ProcessInitializeOnLoadAttributes (63ms)
				ProcessInitializeOnLoadMethodAttributes (22ms)
				AfterProcessingInitializeOnLoad (0ms)
				EditorAssembliesLoaded (0ms)
			ExecutionOrderSort2 (0ms)
			AwakeInstancesAfterBackupRestoration (0ms)
Platform modules already initialized, skipping
Registering precompiled user dll's ...
Registered in 0.002838 seconds.
Begin MonoManager ReloadAssembly
Native extension for WindowsStandalone target not found
Refreshing native plugins compatible for Editor in 0.34 ms, found 2 plugins.
Preloading 0 native plugins for Editor in 0.00 ms.
Mono: successfully reloaded assembly
- Completed reload, in  0.818 seconds
Domain Reload Profiling:
	ReloadAssembly (819ms)
		BeginReloadAssembly (116ms)
			ExecutionOrderSort (0ms)
			DisableScriptedObjects (4ms)
			BackupInstance (0ms)
			ReleaseScriptingObjects (0ms)
			CreateAndSetChildDomain (13ms)
		EndReloadAssembly (657ms)
			LoadAssemblies (72ms)
			RebuildTransferFunctionScriptingTraits (0ms)
			SetupTypeCache (210ms)
			ReleaseScriptCaches (0ms)
			RebuildScriptCaches (32ms)
			SetupLoadedEditorAssemblies (279ms)
				LogAssemblyErrors (0ms)
				InitializePlatformSupportModulesInManaged (4ms)
				SetLoadedEditorAssemblies (0ms)
				RefreshPlugins (0ms)
				BeforeProcessingInitializeOnLoad (43ms)
				ProcessInitializeOnLoadAttributes (226ms)
				ProcessInitializeOnLoadMethodAttributes (5ms)
				AfterProcessingInitializeOnLoad (2ms)
				EditorAssembliesLoaded (0ms)
			ExecutionOrderSort2 (0ms)
			AwakeInstancesAfterBackupRestoration (6ms)
Platform modules already initialized, skipping
========================================================================
Worker process is ready to serve import requests
Launched and connected shader compiler UnityShaderCompiler.exe after 0.06 seconds
Refreshing native plugins compatible for Editor in 0.33 ms, found 2 plugins.
Preloading 0 native plugins for Editor in 0.00 ms.
Unloading 1519 Unused Serialized files (Serialized files now loaded: 0)
System memory in use before: 68.9 MB.
System memory in use after: 69.0 MB.

Unloading 31 unused Assets to reduce memory usage. Loaded Objects now: 1943.
Total: 2.353700 ms (FindLiveObjects: 0.132700 ms CreateObjectMapping: 0.034100 ms MarkObjects: 2.140500 ms  DeleteObjects: 0.045700 ms)

AssetImportParameters requested are different than current active one (requested -> active):
  custom:framework-win-MediaFoundation: 216162199b28c13a410421893ffa2e32 -> 
  custom:video-decoder-ogg-theora: a1e56fd34408186e4bbccfd4996cb3dc -> 
  custom:container-muxer-webm: aa71ff27fc2769a1b78a27578f13a17b -> 
  custom:container-demuxer-webm: 4f35f7cbe854078d1ac9338744f61a02 -> 
  custom:container-demuxer-ogg: 62fdf1f143b41e24485cea50d1cbac27 -> 
  custom:video-encoder-webm-vp8: eb34c28f22e8b96e1ab97ce403110664 -> 
  custom:video-decoder-webm-vp8: 9c59270c3fd7afecdb556c50c9e8de78 -> 
  custom:audio-decoder-ogg-vorbis: bf7c407c2cedff20999df2af8eb42d56 -> 
  custom:audio-encoder-webm-vorbis: bf7c407c2cedff20999df2af8eb42d56 -> 
========================================================================
Received Import Request.
  path: Assets/pre/rain.prefab
  artifactKey: Guid(3dfc4e0c23d347b42b560f26b870978f) Importer(815301076,1909f56bfc062723c751e8b465ee728b)
Start importing Assets/pre/rain.prefab using Guid(3dfc4e0c23d347b42b560f26b870978f) Importer(815301076,1909f56bfc062723c751e8b465ee728b)  -> (artifact id: '1b9bb2f3f9b25858d5ab85d8e0da0519') in 0.076632 seconds 
  Import took 0.078672 seconds .

========================================================================
Received Import Request.
  Time since last request: 0.000209 seconds.
  path: Assets/Materials/streetlight.mat
  artifactKey: Guid(69b89343b40e77044b08e21858c4b06f) Importer(815301076,1909f56bfc062723c751e8b465ee728b)
Start importing Assets/Materials/streetlight.mat using Guid(69b89343b40e77044b08e21858c4b06f) Importer(815301076,1909f56bfc062723c751e8b465ee728b)  -> (artifact id: '58afc5cddd07877ca35c2517c491252e') in 0.125117 seconds 
  Import took 0.126900 seconds .

========================================================================
Received Import Request.
  Time since last request: 0.660472 seconds.
  path: Assets/Scenes
  artifactKey: Guid(f7b66c42ee145314083f073e99178630) Importer(815301076,1909f56bfc062723c751e8b465ee728b)
Start importing Assets/Scenes using Guid(f7b66c42ee145314083f073e99178630) Importer(815301076,1909f56bfc062723c751e8b465ee728b)  -> (artifact id: '51602336e7d2d10a9dda8c438ed1d26b') in 0.004360 seconds 
  Import took 0.006431 seconds .

========================================================================
Received Import Request.
  Time since last request: 0.024896 seconds.
  path: Assets/Scenes
  artifactKey: Guid(f7b66c42ee145314083f073e99178630) Importer(815301076,1909f56bfc062723c751e8b465ee728b)
Start importing Assets/Scenes using Guid(f7b66c42ee145314083f073e99178630) Importer(815301076,1909f56bfc062723c751e8b465ee728b)  -> (artifact id: '51602336e7d2d10a9dda8c438ed1d26b') in 0.001406 seconds 
  Import took 0.003258 seconds .

========================================================================
Received Import Request.
  Time since last request: 33.113887 seconds.
  path: Assets/Scenes/cp_new.obj
  artifactKey: Guid(73de81cceda049145a7ceff9c4c3523e) Importer(815301076,1909f56bfc062723c751e8b465ee728b)
Start importing Assets/Scenes/cp_new.obj using Guid(73de81cceda049145a7ceff9c4c3523e) Importer(815301076,1909f56bfc062723c751e8b465ee728b)  -> (artifact id: '7463bc4e154e23d77c16e2928904fcda') in 0.070039 seconds 
  Import took 0.072346 seconds .

========================================================================
Received Import Request.
  Time since last request: 0.000138 seconds.
  path: Assets/Scenes/cp_new.png
  artifactKey: Guid(699abb196f44415449c1c8221fd14a37) Importer(815301076,1909f56bfc062723c751e8b465ee728b)
Start importing Assets/Scenes/cp_new.png using Guid(699abb196f44415449c1c8221fd14a37) Importer(815301076,1909f56bfc062723c751e8b465ee728b)  -> (artifact id: '61a9f9efff3e34b571d1a8968ef85a73') in 0.009568 seconds 
  Import took 0.011491 seconds .

========================================================================
Received Import Request.
  Time since last request: 11.639503 seconds.
  path: Assets/Scenes/new scene.mat
  artifactKey: Guid(37b84be12a20c9249ae6759284e1f7b7) Importer(815301076,1909f56bfc062723c751e8b465ee728b)
Start importing Assets/Scenes/new scene.mat using Guid(37b84be12a20c9249ae6759284e1f7b7) Importer(815301076,1909f56bfc062723c751e8b465ee728b)  -> (artifact id: '2738170e6ee426831f88b84ef23ac315') in 0.008560 seconds 
  Import took 0.010640 seconds .

========================================================================
Received Import Request.
  Time since last request: 293.663607 seconds.
  path: Assets/Scenes/lamp.obj
  artifactKey: Guid(60ee977f509f4c6439ae1d7c8e508d0d) Importer(815301076,1909f56bfc062723c751e8b465ee728b)
Start importing Assets/Scenes/lamp.obj using Guid(60ee977f509f4c6439ae1d7c8e508d0d) Importer(815301076,1909f56bfc062723c751e8b465ee728b)  -> (artifact id: '057047ea22abcf45c5b16d2a61f98544') in 0.108380 seconds 
  Import took 0.110782 seconds .

========================================================================
Received Import Request.
  Time since last request: 0.000181 seconds.
  path: Assets/Scenes/lamp.png
  artifactKey: Guid(698de3d1b8b6afd42906b2d2828e0a7e) Importer(815301076,1909f56bfc062723c751e8b465ee728b)
Start importing Assets/Scenes/lamp.png using Guid(698de3d1b8b6afd42906b2d2828e0a7e) Importer(815301076,1909f56bfc062723c751e8b465ee728b)  -> (artifact id: '0bf0ca7fc597b17783bc3d665ca2b717') in 0.004781 seconds 
  Import took 0.006586 seconds .

========================================================================
Received Import Request.
  Time since last request: 88.273835 seconds.
  path: Assets/Scenes/new scene.mat
  artifactKey: Guid(37b84be12a20c9249ae6759284e1f7b7) Importer(815301076,1909f56bfc062723c751e8b465ee728b)
Start importing Assets/Scenes/new scene.mat using Guid(37b84be12a20c9249ae6759284e1f7b7) Importer(815301076,1909f56bfc062723c751e8b465ee728b)  -> (artifact id: '2015b0ed28b2ba2915ec476914b2646e') in 0.008200 seconds 
  Import took 0.010149 seconds .

AssetImportWorkerClient::OnTransportError - code=2 error=End of file
