Using pre-set license
Built from '2020.3/staging' branch; Version is '2020.3.17f1 (a4537701e4ab) revision 10769271'; Using compiler version '192528614'; Build Type 'Release'
OS: 'Windows 10 Home; OS build 19042.1466; Version 2009; 64bit' Language: 'de' Physical Memory: 16320 MB
BatchMode: 1, IsHumanControllingUs: 0, StartBugReporterOnCrash: 0, Is64bit: 1, IsPro: 0

COMMAND LINE ARGUMENTS:
C:\Program Files\Unity\2020.3.17f1\Editor\Unity.exe
-adb2
-batchMode
-noUpm
-name
AssetImportWorker0
-projectPath
C:/Users/lukas/Desktop/AndroidP5
-logFile
Logs/AssetImportWorker0.log
-srvPort
54385
Successfully changed project path to: C:/Users/lukas/Desktop/AndroidP5
C:/Users/lukas/Desktop/AndroidP5
Using Asset Import Pipeline V2.
Refreshing native plugins compatible for Editor in 47.72 ms, found 2 plugins.
Preloading 0 native plugins for Editor in 0.00 ms.
Initialize engine version: 2020.3.17f1 (a4537701e4ab)
[Subsystems] Discovering subsystems at path C:/Program Files/Unity/2020.3.17f1/Editor/Data/Resources/UnitySubsystems
[Subsystems] Discovering subsystems at path C:/Users/lukas/Desktop/AndroidP5/Assets
GfxDevice: creating device client; threaded=0
Direct3D:
    Version:  Direct3D 11.0 [level 11.1]
    Renderer: AMD Radeon RX 5700 XT (ID=0x731f)
    Vendor:   
    VRAM:     8151 MB
    Driver:   27.20.15003.1004
Initialize mono
Mono path[0] = 'C:/Program Files/Unity/2020.3.17f1/Editor/Data/Managed'
Mono path[1] = 'C:/Program Files/Unity/2020.3.17f1/Editor/Data/MonoBleedingEdge/lib/mono/unityjit'
Mono config path = 'C:/Program Files/Unity/2020.3.17f1/Editor/Data/MonoBleedingEdge/etc'
Using monoOptions --debugger-agent=transport=dt_socket,embedding=1,server=y,suspend=n,address=127.0.0.1:56420
Begin MonoManager ReloadAssembly
Registering precompiled unity dll's ...
Register platform support module: C:/Program Files/Unity/2020.3.17f1/Editor/Data/PlaybackEngines/WindowsStandaloneSupport/UnityEditor.WindowsStandalone.Extensions.dll
Registered in 0.003323 seconds.
Native extension for WindowsStandalone target not found
Refreshing native plugins compatible for Editor in 39.15 ms, found 2 plugins.
Preloading 0 native plugins for Editor in 0.00 ms.
Mono: successfully reloaded assembly
- Completed reload, in  2.919 seconds
Domain Reload Profiling:
	ReloadAssembly (2919ms)
		BeginReloadAssembly (75ms)
			ExecutionOrderSort (0ms)
			DisableScriptedObjects (0ms)
			BackupInstance (0ms)
			ReleaseScriptingObjects (0ms)
			CreateAndSetChildDomain (1ms)
		EndReloadAssembly (533ms)
			LoadAssemblies (71ms)
			RebuildTransferFunctionScriptingTraits (0ms)
			SetupTypeCache (194ms)
			ReleaseScriptCaches (0ms)
			RebuildScriptCaches (39ms)
			SetupLoadedEditorAssemblies (203ms)
				LogAssemblyErrors (0ms)
				InitializePlatformSupportModulesInManaged (5ms)
				SetLoadedEditorAssemblies (0ms)
				RefreshPlugins (39ms)
				BeforeProcessingInitializeOnLoad (21ms)
				ProcessInitializeOnLoadAttributes (98ms)
				ProcessInitializeOnLoadMethodAttributes (39ms)
				AfterProcessingInitializeOnLoad (0ms)
				EditorAssembliesLoaded (0ms)
			ExecutionOrderSort2 (0ms)
			AwakeInstancesAfterBackupRestoration (0ms)
Platform modules already initialized, skipping
Registering precompiled user dll's ...
Registered in 0.006911 seconds.
Begin MonoManager ReloadAssembly
Native extension for WindowsStandalone target not found
Refreshing native plugins compatible for Editor in 0.53 ms, found 2 plugins.
Preloading 0 native plugins for Editor in 0.00 ms.
Mono: successfully reloaded assembly
- Completed reload, in  1.477 seconds
Domain Reload Profiling:
	ReloadAssembly (1478ms)
		BeginReloadAssembly (220ms)
			ExecutionOrderSort (0ms)
			DisableScriptedObjects (6ms)
			BackupInstance (0ms)
			ReleaseScriptingObjects (0ms)
			CreateAndSetChildDomain (39ms)
		EndReloadAssembly (1169ms)
			LoadAssemblies (118ms)
			RebuildTransferFunctionScriptingTraits (0ms)
			SetupTypeCache (355ms)
			ReleaseScriptCaches (1ms)
			RebuildScriptCaches (60ms)
			SetupLoadedEditorAssemblies (517ms)
				LogAssemblyErrors (0ms)
				InitializePlatformSupportModulesInManaged (6ms)
				SetLoadedEditorAssemblies (1ms)
				RefreshPlugins (1ms)
				BeforeProcessingInitializeOnLoad (109ms)
				ProcessInitializeOnLoadAttributes (384ms)
				ProcessInitializeOnLoadMethodAttributes (6ms)
				AfterProcessingInitializeOnLoad (11ms)
				EditorAssembliesLoaded (0ms)
			ExecutionOrderSort2 (0ms)
			AwakeInstancesAfterBackupRestoration (9ms)
Platform modules already initialized, skipping
========================================================================
Worker process is ready to serve import requests
Launched and connected shader compiler UnityShaderCompiler.exe after 0.08 seconds
Refreshing native plugins compatible for Editor in 0.73 ms, found 2 plugins.
Preloading 0 native plugins for Editor in 0.00 ms.
Unloading 1525 Unused Serialized files (Serialized files now loaded: 0)
System memory in use before: 68.9 MB.
System memory in use after: 68.9 MB.

Unloading 31 unused Assets to reduce memory usage. Loaded Objects now: 1948.
Total: 4.195300 ms (FindLiveObjects: 0.273400 ms CreateObjectMapping: 0.054100 ms MarkObjects: 3.759500 ms  DeleteObjects: 0.106500 ms)

AssetImportParameters requested are different than current active one (requested -> active):
  custom:framework-win-MediaFoundation: 216162199b28c13a410421893ffa2e32 -> 
  custom:video-decoder-ogg-theora: a1e56fd34408186e4bbccfd4996cb3dc -> 
  custom:container-muxer-webm: aa71ff27fc2769a1b78a27578f13a17b -> 
  custom:container-demuxer-webm: 4f35f7cbe854078d1ac9338744f61a02 -> 
  custom:container-demuxer-ogg: 62fdf1f143b41e24485cea50d1cbac27 -> 
  custom:video-encoder-webm-vp8: eb34c28f22e8b96e1ab97ce403110664 -> 
  custom:video-decoder-webm-vp8: 9c59270c3fd7afecdb556c50c9e8de78 -> 
  custom:audio-decoder-ogg-vorbis: bf7c407c2cedff20999df2af8eb42d56 -> 
  custom:audio-encoder-webm-vorbis: bf7c407c2cedff20999df2af8eb42d56 -> 
========================================================================
Received Import Request.
  path: Assets/font/carbon phyber.ttf
  artifactKey: Guid(6d3ddad3d9b74c3428a134d2b7e1c26d) Importer(815301076,1909f56bfc062723c751e8b465ee728b)
Start importing Assets/font/carbon phyber.ttf using Guid(6d3ddad3d9b74c3428a134d2b7e1c26d) Importer(815301076,1909f56bfc062723c751e8b465ee728b)  -> (artifact id: '5f5002b77184575e295e3659d4238630') in 0.149884 seconds 
  Import took 0.153324 seconds .

========================================================================
Received Import Request.
  Time since last request: 0.000283 seconds.
  path: Assets/font
  artifactKey: Guid(21823a7145274364288b7332faea98ad) Importer(815301076,1909f56bfc062723c751e8b465ee728b)
Start importing Assets/font using Guid(21823a7145274364288b7332faea98ad) Importer(815301076,1909f56bfc062723c751e8b465ee728b)  -> (artifact id: 'a2a108a9fc340e0d46de104540711968') in 0.009448 seconds 
  Import took 0.013402 seconds .

========================================================================
Received Import Request.
  Time since last request: 0.000274 seconds.
  path: Assets/font/carbon bl.ttf
  artifactKey: Guid(4ca6de8f34be5294c8a03733ba7239eb) Importer(815301076,1909f56bfc062723c751e8b465ee728b)
Start importing Assets/font/carbon bl.ttf using Guid(4ca6de8f34be5294c8a03733ba7239eb) Importer(815301076,1909f56bfc062723c751e8b465ee728b)  -> (artifact id: '3d7d34bc5e5d8a8b245e2ab47d94c0ac') in 0.019377 seconds 
  Import took 0.022502 seconds .

========================================================================
Received Import Request.
  Time since last request: 45.128920 seconds.
  path: Assets/font/carbon bl.ttf
  artifactKey: Guid(4ca6de8f34be5294c8a03733ba7239eb) Importer(815301076,1909f56bfc062723c751e8b465ee728b)
Start importing Assets/font/carbon bl.ttf using Guid(4ca6de8f34be5294c8a03733ba7239eb) Importer(815301076,1909f56bfc062723c751e8b465ee728b)  -> (artifact id: 'fe2f3d70328cf29378301b6e4fa5961a') in 0.014192 seconds 
  Import took 0.018034 seconds .

========================================================================
Received Import Request.
  Time since last request: 60.797956 seconds.
  path: Assets/Scenes/MainScreen.unity
  artifactKey: Guid(40a9deaa69b0ac442a559b15ae1d9b85) Importer(815301076,1909f56bfc062723c751e8b465ee728b)
Start importing Assets/Scenes/MainScreen.unity using Guid(40a9deaa69b0ac442a559b15ae1d9b85) Importer(815301076,1909f56bfc062723c751e8b465ee728b)  -> (artifact id: '1be83ae2d55bde36897498f9c94a2efb') in 0.003712 seconds 
  Import took 0.006701 seconds .

========================================================================
Received Import Request.
  Time since last request: 2488.868999 seconds.
  path: Assets/Scenes/EndScreen.unity
  artifactKey: Guid(71147892d54487c42897326e3b4cbb23) Importer(815301076,1909f56bfc062723c751e8b465ee728b)
Start importing Assets/Scenes/EndScreen.unity using Guid(71147892d54487c42897326e3b4cbb23) Importer(815301076,1909f56bfc062723c751e8b465ee728b)  -> (artifact id: '9c4bf5fab1db67caedf7b029c92cb8a1') in 0.008522 seconds 
  Import took 0.014814 seconds .

========================================================================
Received Import Request.
  Time since last request: 75.471001 seconds.
  path: Assets/models/Materials/Circle.png
  artifactKey: Guid(23e2e57e69d5d5a4fbe2d3f0e3be2888) Importer(815301076,1909f56bfc062723c751e8b465ee728b)
Start importing Assets/models/Materials/Circle.png using Guid(23e2e57e69d5d5a4fbe2d3f0e3be2888) Importer(815301076,1909f56bfc062723c751e8b465ee728b)  -> (artifact id: '406a52b9fecbab53b5d330e2301a194f') in 0.072598 seconds 
  Import took 0.075785 seconds .

========================================================================
Received Import Request.
  Time since last request: 0.000237 seconds.
  path: Assets/models/Materials/Line.png
  artifactKey: Guid(b62b592cbafc82c44832644cf49b8885) Importer(815301076,1909f56bfc062723c751e8b465ee728b)
Start importing Assets/models/Materials/Line.png using Guid(b62b592cbafc82c44832644cf49b8885) Importer(815301076,1909f56bfc062723c751e8b465ee728b)  -> (artifact id: '559a7cafa42e1f921ece379e1d80c36c') in 0.020141 seconds 
  Import took 0.023034 seconds .

========================================================================
Received Import Request.
  Time since last request: 0.000223 seconds.
  path: Assets/models/Materials/Rectangle.png
  artifactKey: Guid(7bcce2f7f66e08547bd1c1ea4aee45e3) Importer(815301076,1909f56bfc062723c751e8b465ee728b)
Start importing Assets/models/Materials/Rectangle.png using Guid(7bcce2f7f66e08547bd1c1ea4aee45e3) Importer(815301076,1909f56bfc062723c751e8b465ee728b)  -> (artifact id: '37ce1b7b4401108c4b4a4350a101a628') in 0.022167 seconds 
  Import took 0.025888 seconds .

========================================================================
Received Import Request.
  Time since last request: 0.000226 seconds.
  path: Assets/models/Materials/placeholderLogo.png
  artifactKey: Guid(8b163b8ab6e5b9d418dbb4b020684e0c) Importer(815301076,1909f56bfc062723c751e8b465ee728b)
Start importing Assets/models/Materials/placeholderLogo.png using Guid(8b163b8ab6e5b9d418dbb4b020684e0c) Importer(815301076,1909f56bfc062723c751e8b465ee728b)  -> (artifact id: '0c0a39c2dd18602829eb0f575a5f0f3c') in 0.019282 seconds 
  Import took 0.022521 seconds .

========================================================================
Received Import Request.
  Time since last request: 0.000224 seconds.
  path: Assets/models/Materials/Triangle.png
  artifactKey: Guid(0313ef781d53fe74d87f9a2b405c31dc) Importer(815301076,1909f56bfc062723c751e8b465ee728b)
Start importing Assets/models/Materials/Triangle.png using Guid(0313ef781d53fe74d87f9a2b405c31dc) Importer(815301076,1909f56bfc062723c751e8b465ee728b)  -> (artifact id: 'fd30314725c794f0616591bb80e5dbc9') in 0.023132 seconds 
  Import took 0.025852 seconds .

========================================================================
Received Import Request.
  Time since last request: 182.397337 seconds.
  path: Assets/Scenes/EndScreen.unity
  artifactKey: Guid(71147892d54487c42897326e3b4cbb23) Importer(815301076,1909f56bfc062723c751e8b465ee728b)
Start importing Assets/Scenes/EndScreen.unity using Guid(71147892d54487c42897326e3b4cbb23) Importer(815301076,1909f56bfc062723c751e8b465ee728b)  -> (artifact id: '96fb52f8ef57aaea13411e11a800eb05') in 0.004071 seconds 
  Import took 0.007369 seconds .

========================================================================
Received Import Request.
  Time since last request: 0.705432 seconds.
  path: Assets/Scenes/MainScreen.unity
  artifactKey: Guid(40a9deaa69b0ac442a559b15ae1d9b85) Importer(815301076,1909f56bfc062723c751e8b465ee728b)
Start importing Assets/Scenes/MainScreen.unity using Guid(40a9deaa69b0ac442a559b15ae1d9b85) Importer(815301076,1909f56bfc062723c751e8b465ee728b)  -> (artifact id: '5ab447f76fb05a048a5716cdcbf56d61') in 0.003420 seconds 
  Import took 0.006586 seconds .

========================================================================
Received Import Request.
  Time since last request: 1.912548 seconds.
  path: Assets/Scenes/SampleScene.unity
  artifactKey: Guid(9fc0d4010bbf28b4594072e72b8655ab) Importer(815301076,1909f56bfc062723c751e8b465ee728b)
Start importing Assets/Scenes/SampleScene.unity using Guid(9fc0d4010bbf28b4594072e72b8655ab) Importer(815301076,1909f56bfc062723c751e8b465ee728b)  -> (artifact id: '07bc02c961c7a83feb844284495f8f32') in 0.008643 seconds 
  Import took 0.011625 seconds .

AssetImportWorkerClient::OnTransportError - code=2 error=End of file
