Using pre-set license
Built from '2020.3/staging' branch; Version is '2020.3.17f1 (a4537701e4ab) revision 10769271'; Using compiler version '192528614'; Build Type 'Release'
OS: 'Windows 10 Home; OS build 19042.1348; Version 2009; 64bit' Language: 'de' Physical Memory: 16320 MB
BatchMode: 1, IsHumanControllingUs: 0, StartBugReporterOnCrash: 0, Is64bit: 1, IsPro: 0

COMMAND LINE ARGUMENTS:
C:\Program Files\Unity\2020.3.17f1\Editor\Unity.exe
-adb2
-batchMode
-noUpm
-name
AssetImportWorker1
-projectPath
C:/Users/lukas/Documents/GitHub/Pro5/Pro5 Game
-logFile
Logs/AssetImportWorker1.log
-srvPort
56682
Successfully changed project path to: C:/Users/lukas/Documents/GitHub/Pro5/Pro5 Game
C:/Users/lukas/Documents/GitHub/Pro5/Pro5 Game
Using Asset Import Pipeline V2.
Refreshing native plugins compatible for Editor in 42.66 ms, found 2 plugins.
Preloading 0 native plugins for Editor in 0.00 ms.
Initialize engine version: 2020.3.17f1 (a4537701e4ab)
[Subsystems] Discovering subsystems at path C:/Program Files/Unity/2020.3.17f1/Editor/Data/Resources/UnitySubsystems
[Subsystems] Discovering subsystems at path C:/Users/lukas/Documents/GitHub/Pro5/Pro5 Game/Assets
GfxDevice: creating device client; threaded=0
Direct3D:
    Version:  Direct3D 11.0 [level 11.1]
    Renderer: AMD Radeon RX 5700 XT (ID=0x731f)
    Vendor:   
    VRAM:     8151 MB
    Driver:   27.20.15003.1004
Initialize mono
Mono path[0] = 'C:/Program Files/Unity/2020.3.17f1/Editor/Data/Managed'
Mono path[1] = 'C:/Program Files/Unity/2020.3.17f1/Editor/Data/MonoBleedingEdge/lib/mono/unityjit'
Mono config path = 'C:/Program Files/Unity/2020.3.17f1/Editor/Data/MonoBleedingEdge/etc'
Using monoOptions --debugger-agent=transport=dt_socket,embedding=1,server=y,suspend=n,address=127.0.0.1:56968
Begin MonoManager ReloadAssembly
Registering precompiled unity dll's ...
Register platform support module: C:/Program Files/Unity/2020.3.17f1/Editor/Data/PlaybackEngines/WindowsStandaloneSupport/UnityEditor.WindowsStandalone.Extensions.dll
Registered in 0.004024 seconds.
Native extension for WindowsStandalone target not found
Refreshing native plugins compatible for Editor in 35.93 ms, found 2 plugins.
Preloading 0 native plugins for Editor in 0.00 ms.
Mono: successfully reloaded assembly
- Completed reload, in  1.609 seconds
Domain Reload Profiling:
	ReloadAssembly (1609ms)
		BeginReloadAssembly (66ms)
			ExecutionOrderSort (0ms)
			DisableScriptedObjects (0ms)
			BackupInstance (0ms)
			ReleaseScriptingObjects (0ms)
			CreateAndSetChildDomain (1ms)
		EndReloadAssembly (517ms)
			LoadAssemblies (63ms)
			RebuildTransferFunctionScriptingTraits (0ms)
			SetupTypeCache (200ms)
			ReleaseScriptCaches (0ms)
			RebuildScriptCaches (35ms)
			SetupLoadedEditorAssemblies (189ms)
				LogAssemblyErrors (0ms)
				InitializePlatformSupportModulesInManaged (6ms)
				SetLoadedEditorAssemblies (0ms)
				RefreshPlugins (36ms)
				BeforeProcessingInitializeOnLoad (19ms)
				ProcessInitializeOnLoadAttributes (94ms)
				ProcessInitializeOnLoadMethodAttributes (34ms)
				AfterProcessingInitializeOnLoad (0ms)
				EditorAssembliesLoaded (0ms)
			ExecutionOrderSort2 (0ms)
			AwakeInstancesAfterBackupRestoration (0ms)
Platform modules already initialized, skipping
Registering precompiled user dll's ...
Registered in 0.005476 seconds.
Begin MonoManager ReloadAssembly
Symbol file data-0000013306F28040 doesn't match image C:\Users\lukas\Documents\GitHub\Pro5\Pro5 Game\Library\ScriptAssemblies\Unity.VSCode.Editor.dll
Symbol file LoadedFromMemory is not a mono symbol file
Symbol file data-000001330718D160 doesn't match image C:\Users\lukas\Documents\GitHub\Pro5\Pro5 Game\Library\ScriptAssemblies\Unity.Notifications.dll
Symbol file LoadedFromMemory is not a mono symbol file
Symbol file data-000001330A378620 doesn't match image C:\Users\lukas\Documents\GitHub\Pro5\Pro5 Game\Library\ScriptAssemblies\Unity.TextMeshPro.Editor.dll
Symbol file LoadedFromMemory is not a mono symbol file
Symbol file data-000001330755C9B0 doesn't match image C:\Users\lukas\Documents\GitHub\Pro5\Pro5 Game\Library\ScriptAssemblies\Unity.VisualStudio.Editor.dll
Symbol file LoadedFromMemory is not a mono symbol file
Symbol file data-0000013309E17290 doesn't match image C:\Users\lukas\Documents\GitHub\Pro5\Pro5 Game\Library\ScriptAssemblies\Unity.Mobile.AndroidLogcat.Editor.dll
Symbol file LoadedFromMemory is not a mono symbol file
Symbol file data-0000013309E17290 doesn't match image C:\Users\lukas\Documents\GitHub\Pro5\Pro5 Game\Library\ScriptAssemblies\UnityEngine.TestRunner.dll
Symbol file LoadedFromMemory is not a mono symbol file
Symbol file data-00000133092DC020 doesn't match image C:\Users\lukas\Documents\GitHub\Pro5\Pro5 Game\Library\ScriptAssemblies\Unity.Timeline.Editor.dll
Symbol file LoadedFromMemory is not a mono symbol file
Symbol file data-000001330A378620 doesn't match image C:\Users\lukas\Documents\GitHub\Pro5\Pro5 Game\Library\ScriptAssemblies\Unity.Timeline.dll
Symbol file LoadedFromMemory is not a mono symbol file
Symbol file data-00000133092DC020 doesn't match image C:\Users\lukas\Documents\GitHub\Pro5\Pro5 Game\Library\ScriptAssemblies\Unity.TextMeshPro.dll
Symbol file LoadedFromMemory is not a mono symbol file
Symbol file data-0000013309E17290 doesn't match image C:\Users\lukas\Documents\GitHub\Pro5\Pro5 Game\Library\ScriptAssemblies\Unity.CollabProxy.Editor.dll
Symbol file LoadedFromMemory is not a mono symbol file
Symbol file data-00000133095D5230 doesn't match image C:\Users\lukas\Documents\GitHub\Pro5\Pro5 Game\Library\ScriptAssemblies\UnityEditor.TestRunner.dll
Symbol file LoadedFromMemory is not a mono symbol file
Symbol file data-000001330755C9B0 doesn't match image C:\Users\lukas\Documents\GitHub\Pro5\Pro5 Game\Library\ScriptAssemblies\UnityEditor.UI.dll
Symbol file LoadedFromMemory is not a mono symbol file
Symbol file data-0000013309480020 doesn't match image C:\Users\lukas\Documents\GitHub\Pro5\Pro5 Game\Library\ScriptAssemblies\Unity.PlasticSCM.Editor.dll
Symbol file LoadedFromMemory is not a mono symbol file
Symbol file data-000001330755C9B0 doesn't match image C:\Users\lukas\Documents\GitHub\Pro5\Pro5 Game\Library\ScriptAssemblies\Unity.Rider.Editor.dll
Symbol file LoadedFromMemory is not a mono symbol file
Symbol file data-0000013309302230 doesn't match image C:\Users\lukas\Documents\GitHub\Pro5\Pro5 Game\Library\ScriptAssemblies\UnityEngine.UI.dll
Symbol file LoadedFromMemory is not a mono symbol file
Symbol file data-00000133073CDE10 doesn't match image C:\Users\lukas\Documents\GitHub\Pro5\Pro5 Game\Library\ScriptAssemblies\Unity.Notifications.Android.dll
Symbol file LoadedFromMemory is not a mono symbol file
Symbol file data-0000013306FB2D40 doesn't match image C:\Users\lukas\Documents\GitHub\Pro5\Pro5 Game\Library\ScriptAssemblies\Unity.Notifications.iOS.dll
Symbol file LoadedFromMemory is not a mono symbol file
Native extension for WindowsStandalone target not found
Refreshing native plugins compatible for Editor in 0.50 ms, found 2 plugins.
Preloading 0 native plugins for Editor in 0.00 ms.
Mono: successfully reloaded assembly
- Completed reload, in  1.335 seconds
Domain Reload Profiling:
	ReloadAssembly (1336ms)
		BeginReloadAssembly (169ms)
			ExecutionOrderSort (0ms)
			DisableScriptedObjects (6ms)
			BackupInstance (0ms)
			ReleaseScriptingObjects (0ms)
			CreateAndSetChildDomain (21ms)
		EndReloadAssembly (1084ms)
			LoadAssemblies (106ms)
			RebuildTransferFunctionScriptingTraits (0ms)
			SetupTypeCache (325ms)
			ReleaseScriptCaches (1ms)
			RebuildScriptCaches (48ms)
			SetupLoadedEditorAssemblies (492ms)
				LogAssemblyErrors (0ms)
				InitializePlatformSupportModulesInManaged (6ms)
				SetLoadedEditorAssemblies (0ms)
				RefreshPlugins (1ms)
				BeforeProcessingInitializeOnLoad (101ms)
				ProcessInitializeOnLoadAttributes (367ms)
				ProcessInitializeOnLoadMethodAttributes (5ms)
				AfterProcessingInitializeOnLoad (11ms)
				EditorAssembliesLoaded (0ms)
			ExecutionOrderSort2 (0ms)
			AwakeInstancesAfterBackupRestoration (8ms)
Platform modules already initialized, skipping
========================================================================
Worker process is ready to serve import requests
Launched and connected shader compiler UnityShaderCompiler.exe after 0.08 seconds
Refreshing native plugins compatible for Editor in 0.52 ms, found 2 plugins.
Preloading 0 native plugins for Editor in 0.00 ms.
Unloading 1510 Unused Serialized files (Serialized files now loaded: 0)
System memory in use before: 68.3 MB.
System memory in use after: 68.3 MB.

Unloading 31 unused Assets to reduce memory usage. Loaded Objects now: 1931.
Total: 3.314800 ms (FindLiveObjects: 0.193400 ms CreateObjectMapping: 0.038900 ms MarkObjects: 3.001600 ms  DeleteObjects: 0.079600 ms)

AssetImportParameters requested are different than current active one (requested -> active):
  custom:framework-win-MediaFoundation: 216162199b28c13a410421893ffa2e32 -> 
  custom:video-decoder-ogg-theora: a1e56fd34408186e4bbccfd4996cb3dc -> 
  custom:container-muxer-webm: aa71ff27fc2769a1b78a27578f13a17b -> 
  custom:container-demuxer-webm: 4f35f7cbe854078d1ac9338744f61a02 -> 
  custom:container-demuxer-ogg: 62fdf1f143b41e24485cea50d1cbac27 -> 
  custom:video-encoder-webm-vp8: eb34c28f22e8b96e1ab97ce403110664 -> 
  custom:video-decoder-webm-vp8: 9c59270c3fd7afecdb556c50c9e8de78 -> 
  custom:audio-decoder-ogg-vorbis: bf7c407c2cedff20999df2af8eb42d56 -> 
  custom:audio-encoder-webm-vorbis: bf7c407c2cedff20999df2af8eb42d56 -> 
========================================================================
Received Import Request.
  path: Assets/Scipts/UI_Stuff/CreateRatingUI.cs
  artifactKey: Guid(76ad44a497175034195a680b2a915437) Importer(815301076,1909f56bfc062723c751e8b465ee728b)
Start importing Assets/Scipts/UI_Stuff/CreateRatingUI.cs using Guid(76ad44a497175034195a680b2a915437) Importer(815301076,1909f56bfc062723c751e8b465ee728b)  -> (artifact id: 'a2c4747f8373d46e9f44d99fcf77d95c') in 0.035079 seconds 
  Import took 0.038259 seconds .

========================================================================
Received Import Request.
  Time since last request: 0.000244 seconds.
  path: Assets/Scipts/UI_Stuff
  artifactKey: Guid(a069751549135d248b1da1b851675c62) Importer(815301076,1909f56bfc062723c751e8b465ee728b)
Start importing Assets/Scipts/UI_Stuff using Guid(a069751549135d248b1da1b851675c62) Importer(815301076,1909f56bfc062723c751e8b465ee728b)  -> (artifact id: 'b04cccbfd97574b1abaee2619e558fbc') in 0.011320 seconds 
  Import took 0.014595 seconds .

========================================================================
Received Import Request.
  Time since last request: 6.677288 seconds.
  path: Assets/Scipts/UI_Stuff/CreateRatingUI.cs
  artifactKey: Guid(76ad44a497175034195a680b2a915437) Importer(815301076,1909f56bfc062723c751e8b465ee728b)
Start importing Assets/Scipts/UI_Stuff/CreateRatingUI.cs using Guid(76ad44a497175034195a680b2a915437) Importer(815301076,1909f56bfc062723c751e8b465ee728b)  -> (artifact id: 'b19e1e027767b1603c152b162f996d93') in 0.004349 seconds 
  Import took 0.007473 seconds .

========================================================================
Received Prepare
Registering precompiled user dll's ...
Registered in 0.005396 seconds.
Begin MonoManager ReloadAssembly
Symbol file data-000001330A3CCE60 doesn't match image C:\Users\lukas\Documents\GitHub\Pro5\Pro5 Game\Library\ScriptAssemblies\Unity.VSCode.Editor.dll
Symbol file LoadedFromMemory is not a mono symbol file
Symbol file data-0000013308E90030 doesn't match image C:\Users\lukas\Documents\GitHub\Pro5\Pro5 Game\Library\ScriptAssemblies\Unity.Notifications.dll
Symbol file LoadedFromMemory is not a mono symbol file
Symbol file data-0000013308E68020 doesn't match image C:\Users\lukas\Documents\GitHub\Pro5\Pro5 Game\Library\ScriptAssemblies\Unity.TextMeshPro.Editor.dll
Symbol file LoadedFromMemory is not a mono symbol file
Symbol file data-000001330D8C5040 doesn't match image C:\Users\lukas\Documents\GitHub\Pro5\Pro5 Game\Library\ScriptAssemblies\Unity.VisualStudio.Editor.dll
Symbol file LoadedFromMemory is not a mono symbol file
Symbol file data-000001330A6F9400 doesn't match image C:\Users\lukas\Documents\GitHub\Pro5\Pro5 Game\Library\ScriptAssemblies\Unity.Mobile.AndroidLogcat.Editor.dll
Symbol file LoadedFromMemory is not a mono symbol file
Symbol file data-000001330A6F9400 doesn't match image C:\Users\lukas\Documents\GitHub\Pro5\Pro5 Game\Library\ScriptAssemblies\UnityEngine.TestRunner.dll
Symbol file LoadedFromMemory is not a mono symbol file
Symbol file data-00000133092DC020 doesn't match image C:\Users\lukas\Documents\GitHub\Pro5\Pro5 Game\Library\ScriptAssemblies\Unity.Timeline.Editor.dll
Symbol file LoadedFromMemory is not a mono symbol file
Symbol file data-0000013309FCB030 doesn't match image C:\Users\lukas\Documents\GitHub\Pro5\Pro5 Game\Library\ScriptAssemblies\Unity.Timeline.dll
Symbol file LoadedFromMemory is not a mono symbol file
Symbol file data-0000013309330020 doesn't match image C:\Users\lukas\Documents\GitHub\Pro5\Pro5 Game\Library\ScriptAssemblies\Unity.TextMeshPro.dll
Symbol file LoadedFromMemory is not a mono symbol file
Symbol file data-000001330A6F9400 doesn't match image C:\Users\lukas\Documents\GitHub\Pro5\Pro5 Game\Library\ScriptAssemblies\Unity.CollabProxy.Editor.dll
Symbol file LoadedFromMemory is not a mono symbol file
Symbol file data-000001330C90A030 doesn't match image C:\Users\lukas\Documents\GitHub\Pro5\Pro5 Game\Library\ScriptAssemblies\UnityEditor.TestRunner.dll
Symbol file LoadedFromMemory is not a mono symbol file
Symbol file data-000001330D8C5040 doesn't match image C:\Users\lukas\Documents\GitHub\Pro5\Pro5 Game\Library\ScriptAssemblies\UnityEditor.UI.dll
Symbol file LoadedFromMemory is not a mono symbol file
Symbol file data-000001330704D060 doesn't match image C:\Users\lukas\Documents\GitHub\Pro5\Pro5 Game\Library\ScriptAssemblies\Unity.PlasticSCM.Editor.dll
Symbol file LoadedFromMemory is not a mono symbol file
Symbol file data-000001330755C9B0 doesn't match image C:\Users\lukas\Documents\GitHub\Pro5\Pro5 Game\Library\ScriptAssemblies\Unity.Rider.Editor.dll
Symbol file LoadedFromMemory is not a mono symbol file
Symbol file data-000001330724C010 doesn't match image C:\Users\lukas\Documents\GitHub\Pro5\Pro5 Game\Library\ScriptAssemblies\UnityEngine.UI.dll
Symbol file LoadedFromMemory is not a mono symbol file
Symbol file data-000001330CC247F0 doesn't match image C:\Users\lukas\Documents\GitHub\Pro5\Pro5 Game\Library\ScriptAssemblies\Unity.Notifications.Android.dll
Symbol file LoadedFromMemory is not a mono symbol file
Symbol file data-000001330CC247F0 doesn't match image C:\Users\lukas\Documents\GitHub\Pro5\Pro5 Game\Library\ScriptAssemblies\Unity.Notifications.iOS.dll
Symbol file LoadedFromMemory is not a mono symbol file
Native extension for WindowsStandalone target not found
Refreshing native plugins compatible for Editor in 0.55 ms, found 2 plugins.
Preloading 0 native plugins for Editor in 0.00 ms.
Mono: successfully reloaded assembly
- Completed reload, in  1.244 seconds
Domain Reload Profiling:
	ReloadAssembly (1245ms)
		BeginReloadAssembly (136ms)
			ExecutionOrderSort (0ms)
			DisableScriptedObjects (6ms)
			BackupInstance (0ms)
			ReleaseScriptingObjects (0ms)
			CreateAndSetChildDomain (36ms)
		EndReloadAssembly (1027ms)
			LoadAssemblies (103ms)
			RebuildTransferFunctionScriptingTraits (0ms)
			SetupTypeCache (314ms)
			ReleaseScriptCaches (1ms)
			RebuildScriptCaches (43ms)
			SetupLoadedEditorAssemblies (451ms)
				LogAssemblyErrors (0ms)
				InitializePlatformSupportModulesInManaged (6ms)
				SetLoadedEditorAssemblies (1ms)
				RefreshPlugins (1ms)
				BeforeProcessingInitializeOnLoad (91ms)
				ProcessInitializeOnLoadAttributes (338ms)
				ProcessInitializeOnLoadMethodAttributes (5ms)
				AfterProcessingInitializeOnLoad (9ms)
				EditorAssembliesLoaded (0ms)
			ExecutionOrderSort2 (0ms)
			AwakeInstancesAfterBackupRestoration (8ms)
Platform modules already initialized, skipping
Refreshing native plugins compatible for Editor in 0.52 ms, found 2 plugins.
Preloading 0 native plugins for Editor in 0.00 ms.
Unloading 1504 Unused Serialized files (Serialized files now loaded: 0)
System memory in use before: 68.1 MB.
System memory in use after: 68.3 MB.

Unloading 26 unused Assets to reduce memory usage. Loaded Objects now: 1933.
Total: 3.379300 ms (FindLiveObjects: 0.219500 ms CreateObjectMapping: 0.040100 ms MarkObjects: 3.091400 ms  DeleteObjects: 0.026600 ms)

AssetImportParameters requested are different than current active one (requested -> active):
  custom:framework-win-MediaFoundation: 216162199b28c13a410421893ffa2e32 -> 
  custom:video-decoder-ogg-theora: a1e56fd34408186e4bbccfd4996cb3dc -> 
  custom:container-muxer-webm: aa71ff27fc2769a1b78a27578f13a17b -> 
  custom:container-demuxer-webm: 4f35f7cbe854078d1ac9338744f61a02 -> 
  custom:container-demuxer-ogg: 62fdf1f143b41e24485cea50d1cbac27 -> 
  custom:video-encoder-webm-vp8: eb34c28f22e8b96e1ab97ce403110664 -> 
  custom:video-decoder-webm-vp8: 9c59270c3fd7afecdb556c50c9e8de78 -> 
  custom:audio-decoder-ogg-vorbis: bf7c407c2cedff20999df2af8eb42d56 -> 
  custom:audio-encoder-webm-vorbis: bf7c407c2cedff20999df2af8eb42d56 -> 
========================================================================
Received Prepare
Registering precompiled user dll's ...
Registered in 0.005852 seconds.
Begin MonoManager ReloadAssembly
Symbol file data-000001330C487380 doesn't match image C:\Users\lukas\Documents\GitHub\Pro5\Pro5 Game\Library\ScriptAssemblies\Unity.VSCode.Editor.dll
Symbol file LoadedFromMemory is not a mono symbol file
Symbol file data-000001330DBDD010 doesn't match image C:\Users\lukas\Documents\GitHub\Pro5\Pro5 Game\Library\ScriptAssemblies\Unity.Notifications.dll
Symbol file LoadedFromMemory is not a mono symbol file
Symbol file data-00000133073ABE90 doesn't match image C:\Users\lukas\Documents\GitHub\Pro5\Pro5 Game\Library\ScriptAssemblies\Unity.TextMeshPro.Editor.dll
Symbol file LoadedFromMemory is not a mono symbol file
Symbol file data-000001330C52B990 doesn't match image C:\Users\lukas\Documents\GitHub\Pro5\Pro5 Game\Library\ScriptAssemblies\Unity.VisualStudio.Editor.dll
Symbol file LoadedFromMemory is not a mono symbol file
Symbol file data-0000013308B12030 doesn't match image C:\Users\lukas\Documents\GitHub\Pro5\Pro5 Game\Library\ScriptAssemblies\Unity.Mobile.AndroidLogcat.Editor.dll
Symbol file LoadedFromMemory is not a mono symbol file
Symbol file data-0000013308B12030 doesn't match image C:\Users\lukas\Documents\GitHub\Pro5\Pro5 Game\Library\ScriptAssemblies\UnityEngine.TestRunner.dll
Symbol file LoadedFromMemory is not a mono symbol file
Symbol file data-000001330C62E040 doesn't match image C:\Users\lukas\Documents\GitHub\Pro5\Pro5 Game\Library\ScriptAssemblies\Unity.Timeline.Editor.dll
Symbol file LoadedFromMemory is not a mono symbol file
Symbol file data-000001330D83B560 doesn't match image C:\Users\lukas\Documents\GitHub\Pro5\Pro5 Game\Library\ScriptAssemblies\Unity.Timeline.dll
Symbol file LoadedFromMemory is not a mono symbol file
Symbol file data-0000013308CEB010 doesn't match image C:\Users\lukas\Documents\GitHub\Pro5\Pro5 Game\Library\ScriptAssemblies\Unity.TextMeshPro.dll
Symbol file LoadedFromMemory is not a mono symbol file
Symbol file data-0000013308B12030 doesn't match image C:\Users\lukas\Documents\GitHub\Pro5\Pro5 Game\Library\ScriptAssemblies\Unity.CollabProxy.Editor.dll
Symbol file LoadedFromMemory is not a mono symbol file
Symbol file data-000001330CB09030 doesn't match image C:\Users\lukas\Documents\GitHub\Pro5\Pro5 Game\Library\ScriptAssemblies\UnityEditor.TestRunner.dll
Symbol file LoadedFromMemory is not a mono symbol file
Symbol file data-0000013308D23040 doesn't match image C:\Users\lukas\Documents\GitHub\Pro5\Pro5 Game\Library\ScriptAssemblies\UnityEditor.UI.dll
Symbol file LoadedFromMemory is not a mono symbol file
Symbol file data-000001330A7CA010 doesn't match image C:\Users\lukas\Documents\GitHub\Pro5\Pro5 Game\Library\ScriptAssemblies\Unity.PlasticSCM.Editor.dll
Symbol file LoadedFromMemory is not a mono symbol file
Symbol file data-000001330755C9B0 doesn't match image C:\Users\lukas\Documents\GitHub\Pro5\Pro5 Game\Library\ScriptAssemblies\Unity.Rider.Editor.dll
Symbol file LoadedFromMemory is not a mono symbol file
Symbol file data-000001330D9D3020 doesn't match image C:\Users\lukas\Documents\GitHub\Pro5\Pro5 Game\Library\ScriptAssemblies\UnityEngine.UI.dll
Symbol file LoadedFromMemory is not a mono symbol file
Symbol file data-000001330A9B9830 doesn't match image C:\Users\lukas\Documents\GitHub\Pro5\Pro5 Game\Library\ScriptAssemblies\Unity.Notifications.Android.dll
Symbol file LoadedFromMemory is not a mono symbol file
Symbol file data-000001330A9B9830 doesn't match image C:\Users\lukas\Documents\GitHub\Pro5\Pro5 Game\Library\ScriptAssemblies\Unity.Notifications.iOS.dll
Symbol file LoadedFromMemory is not a mono symbol file
Native extension for WindowsStandalone target not found
Refreshing native plugins compatible for Editor in 0.54 ms, found 2 plugins.
Preloading 0 native plugins for Editor in 0.00 ms.
Mono: successfully reloaded assembly
- Completed reload, in  1.221 seconds
Domain Reload Profiling:
	ReloadAssembly (1221ms)
		BeginReloadAssembly (135ms)
			ExecutionOrderSort (0ms)
			DisableScriptedObjects (5ms)
			BackupInstance (0ms)
			ReleaseScriptingObjects (0ms)
			CreateAndSetChildDomain (35ms)
		EndReloadAssembly (1007ms)
			LoadAssemblies (103ms)
			RebuildTransferFunctionScriptingTraits (0ms)
			SetupTypeCache (306ms)
			ReleaseScriptCaches (1ms)
			RebuildScriptCaches (42ms)
			SetupLoadedEditorAssemblies (434ms)
				LogAssemblyErrors (0ms)
				InitializePlatformSupportModulesInManaged (6ms)
				SetLoadedEditorAssemblies (1ms)
				RefreshPlugins (1ms)
				BeforeProcessingInitializeOnLoad (90ms)
				ProcessInitializeOnLoadAttributes (323ms)
				ProcessInitializeOnLoadMethodAttributes (5ms)
				AfterProcessingInitializeOnLoad (9ms)
				EditorAssembliesLoaded (0ms)
			ExecutionOrderSort2 (0ms)
			AwakeInstancesAfterBackupRestoration (9ms)
Platform modules already initialized, skipping
Refreshing native plugins compatible for Editor in 0.50 ms, found 2 plugins.
Preloading 0 native plugins for Editor in 0.00 ms.
Unloading 1504 Unused Serialized files (Serialized files now loaded: 0)
System memory in use before: 68.2 MB.
System memory in use after: 68.3 MB.

Unloading 26 unused Assets to reduce memory usage. Loaded Objects now: 1935.
Total: 3.498800 ms (FindLiveObjects: 0.193300 ms CreateObjectMapping: 0.037000 ms MarkObjects: 3.233500 ms  DeleteObjects: 0.033000 ms)

AssetImportParameters requested are different than current active one (requested -> active):
  custom:framework-win-MediaFoundation: 216162199b28c13a410421893ffa2e32 -> 
  custom:video-decoder-ogg-theora: a1e56fd34408186e4bbccfd4996cb3dc -> 
  custom:container-muxer-webm: aa71ff27fc2769a1b78a27578f13a17b -> 
  custom:container-demuxer-webm: 4f35f7cbe854078d1ac9338744f61a02 -> 
  custom:container-demuxer-ogg: 62fdf1f143b41e24485cea50d1cbac27 -> 
  custom:video-encoder-webm-vp8: eb34c28f22e8b96e1ab97ce403110664 -> 
  custom:video-decoder-webm-vp8: 9c59270c3fd7afecdb556c50c9e8de78 -> 
  custom:audio-decoder-ogg-vorbis: bf7c407c2cedff20999df2af8eb42d56 -> 
  custom:audio-encoder-webm-vorbis: bf7c407c2cedff20999df2af8eb42d56 -> 
========================================================================
Received Prepare
Registering precompiled user dll's ...
Registered in 0.006482 seconds.
Begin MonoManager ReloadAssembly
Symbol file data-000001330C487380 doesn't match image C:\Users\lukas\Documents\GitHub\Pro5\Pro5 Game\Library\ScriptAssemblies\Unity.VSCode.Editor.dll
Symbol file LoadedFromMemory is not a mono symbol file
Symbol file data-000001330C63E050 doesn't match image C:\Users\lukas\Documents\GitHub\Pro5\Pro5 Game\Library\ScriptAssemblies\Unity.Notifications.dll
Symbol file LoadedFromMemory is not a mono symbol file
Symbol file data-000001330C576010 doesn't match image C:\Users\lukas\Documents\GitHub\Pro5\Pro5 Game\Library\ScriptAssemblies\Unity.TextMeshPro.Editor.dll
Symbol file LoadedFromMemory is not a mono symbol file
Symbol file data-000001330C52B990 doesn't match image C:\Users\lukas\Documents\GitHub\Pro5\Pro5 Game\Library\ScriptAssemblies\Unity.VisualStudio.Editor.dll
Symbol file LoadedFromMemory is not a mono symbol file
Symbol file data-0000013308B12030 doesn't match image C:\Users\lukas\Documents\GitHub\Pro5\Pro5 Game\Library\ScriptAssemblies\Unity.Mobile.AndroidLogcat.Editor.dll
Symbol file LoadedFromMemory is not a mono symbol file
Symbol file data-0000013308B12030 doesn't match image C:\Users\lukas\Documents\GitHub\Pro5\Pro5 Game\Library\ScriptAssemblies\UnityEngine.TestRunner.dll
Symbol file LoadedFromMemory is not a mono symbol file
Symbol file data-00000133092DC020 doesn't match image C:\Users\lukas\Documents\GitHub\Pro5\Pro5 Game\Library\ScriptAssemblies\Unity.Timeline.Editor.dll
Symbol file LoadedFromMemory is not a mono symbol file
Symbol file data-000001330C3F7010 doesn't match image C:\Users\lukas\Documents\GitHub\Pro5\Pro5 Game\Library\ScriptAssemblies\Unity.Timeline.dll
Symbol file LoadedFromMemory is not a mono symbol file
Symbol file data-00000133095B9010 doesn't match image C:\Users\lukas\Documents\GitHub\Pro5\Pro5 Game\Library\ScriptAssemblies\Unity.TextMeshPro.dll
Symbol file LoadedFromMemory is not a mono symbol file
Symbol file data-0000013308B12030 doesn't match image C:\Users\lukas\Documents\GitHub\Pro5\Pro5 Game\Library\ScriptAssemblies\Unity.CollabProxy.Editor.dll
Symbol file LoadedFromMemory is not a mono symbol file
Symbol file data-00000133090A5060 doesn't match image C:\Users\lukas\Documents\GitHub\Pro5\Pro5 Game\Library\ScriptAssemblies\UnityEditor.TestRunner.dll
Symbol file LoadedFromMemory is not a mono symbol file
Symbol file data-0000013308D23040 doesn't match image C:\Users\lukas\Documents\GitHub\Pro5\Pro5 Game\Library\ScriptAssemblies\UnityEditor.UI.dll
Symbol file LoadedFromMemory is not a mono symbol file
Symbol file data-000001330D494030 doesn't match image C:\Users\lukas\Documents\GitHub\Pro5\Pro5 Game\Library\ScriptAssemblies\Unity.PlasticSCM.Editor.dll
Symbol file LoadedFromMemory is not a mono symbol file
Symbol file data-000001330755C9B0 doesn't match image C:\Users\lukas\Documents\GitHub\Pro5\Pro5 Game\Library\ScriptAssemblies\Unity.Rider.Editor.dll
Symbol file LoadedFromMemory is not a mono symbol file
Symbol file data-000001330C652020 doesn't match image C:\Users\lukas\Documents\GitHub\Pro5\Pro5 Game\Library\ScriptAssemblies\UnityEngine.UI.dll
Symbol file LoadedFromMemory is not a mono symbol file
Symbol file data-000001317ED61000 doesn't match image C:\Users\lukas\Documents\GitHub\Pro5\Pro5 Game\Library\ScriptAssemblies\Unity.Notifications.Android.dll
Symbol file LoadedFromMemory is not a mono symbol file
Symbol file data-000001317ED61000 doesn't match image C:\Users\lukas\Documents\GitHub\Pro5\Pro5 Game\Library\ScriptAssemblies\Unity.Notifications.iOS.dll
Symbol file LoadedFromMemory is not a mono symbol file
Native extension for WindowsStandalone target not found
Refreshing native plugins compatible for Editor in 0.55 ms, found 2 plugins.
Preloading 0 native plugins for Editor in 0.00 ms.
Mono: successfully reloaded assembly
- Completed reload, in  1.238 seconds
Domain Reload Profiling:
	ReloadAssembly (1238ms)
		BeginReloadAssembly (117ms)
			ExecutionOrderSort (0ms)
			DisableScriptedObjects (5ms)
			BackupInstance (0ms)
			ReleaseScriptingObjects (0ms)
			CreateAndSetChildDomain (35ms)
		EndReloadAssembly (1040ms)
			LoadAssemblies (103ms)
			RebuildTransferFunctionScriptingTraits (0ms)
			SetupTypeCache (306ms)
			ReleaseScriptCaches (1ms)
			RebuildScriptCaches (46ms)
			SetupLoadedEditorAssemblies (470ms)
				LogAssemblyErrors (0ms)
				InitializePlatformSupportModulesInManaged (6ms)
				SetLoadedEditorAssemblies (1ms)
				RefreshPlugins (1ms)
				BeforeProcessingInitializeOnLoad (89ms)
				ProcessInitializeOnLoadAttributes (359ms)
				ProcessInitializeOnLoadMethodAttributes (5ms)
				AfterProcessingInitializeOnLoad (9ms)
				EditorAssembliesLoaded (0ms)
			ExecutionOrderSort2 (0ms)
			AwakeInstancesAfterBackupRestoration (9ms)
Platform modules already initialized, skipping
Refreshing native plugins compatible for Editor in 0.53 ms, found 2 plugins.
Preloading 0 native plugins for Editor in 0.00 ms.
Unloading 1504 Unused Serialized files (Serialized files now loaded: 0)
System memory in use before: 68.2 MB.
System memory in use after: 68.3 MB.

Unloading 26 unused Assets to reduce memory usage. Loaded Objects now: 1937.
Total: 3.550300 ms (FindLiveObjects: 0.195000 ms CreateObjectMapping: 0.039200 ms MarkObjects: 3.289000 ms  DeleteObjects: 0.025600 ms)

AssetImportParameters requested are different than current active one (requested -> active):
  custom:framework-win-MediaFoundation: 216162199b28c13a410421893ffa2e32 -> 
  custom:video-decoder-ogg-theora: a1e56fd34408186e4bbccfd4996cb3dc -> 
  custom:container-muxer-webm: aa71ff27fc2769a1b78a27578f13a17b -> 
  custom:container-demuxer-webm: 4f35f7cbe854078d1ac9338744f61a02 -> 
  custom:container-demuxer-ogg: 62fdf1f143b41e24485cea50d1cbac27 -> 
  custom:video-encoder-webm-vp8: eb34c28f22e8b96e1ab97ce403110664 -> 
  custom:video-decoder-webm-vp8: 9c59270c3fd7afecdb556c50c9e8de78 -> 
  custom:audio-decoder-ogg-vorbis: bf7c407c2cedff20999df2af8eb42d56 -> 
  custom:audio-encoder-webm-vorbis: bf7c407c2cedff20999df2af8eb42d56 -> 
========================================================================
Received Prepare
Registering precompiled user dll's ...
Registered in 0.006111 seconds.
Begin MonoManager ReloadAssembly
Symbol file data-000001330931A510 doesn't match image C:\Users\lukas\Documents\GitHub\Pro5\Pro5 Game\Library\ScriptAssemblies\Unity.VSCode.Editor.dll
Symbol file LoadedFromMemory is not a mono symbol file
Symbol file data-000001330747E0A0 doesn't match image C:\Users\lukas\Documents\GitHub\Pro5\Pro5 Game\Library\ScriptAssemblies\Unity.Notifications.dll
Symbol file LoadedFromMemory is not a mono symbol file
Symbol file data-000001330AD41050 doesn't match image C:\Users\lukas\Documents\GitHub\Pro5\Pro5 Game\Library\ScriptAssemblies\Unity.TextMeshPro.Editor.dll
Symbol file LoadedFromMemory is not a mono symbol file
Symbol file data-000001330D8C5040 doesn't match image C:\Users\lukas\Documents\GitHub\Pro5\Pro5 Game\Library\ScriptAssemblies\Unity.VisualStudio.Editor.dll
Symbol file LoadedFromMemory is not a mono symbol file
Symbol file data-000001330C467020 doesn't match image C:\Users\lukas\Documents\GitHub\Pro5\Pro5 Game\Library\ScriptAssemblies\Unity.Mobile.AndroidLogcat.Editor.dll
Symbol file LoadedFromMemory is not a mono symbol file
Symbol file data-000001330C467020 doesn't match image C:\Users\lukas\Documents\GitHub\Pro5\Pro5 Game\Library\ScriptAssemblies\UnityEngine.TestRunner.dll
Symbol file LoadedFromMemory is not a mono symbol file
Symbol file data-000001330DD81450 doesn't match image C:\Users\lukas\Documents\GitHub\Pro5\Pro5 Game\Library\ScriptAssemblies\Unity.Timeline.Editor.dll
Symbol file LoadedFromMemory is not a mono symbol file
Symbol file data-000001330C3F7010 doesn't match image C:\Users\lukas\Documents\GitHub\Pro5\Pro5 Game\Library\ScriptAssemblies\Unity.Timeline.dll
Symbol file LoadedFromMemory is not a mono symbol file
Symbol file data-00000133095B9010 doesn't match image C:\Users\lukas\Documents\GitHub\Pro5\Pro5 Game\Library\ScriptAssemblies\Unity.TextMeshPro.dll
Symbol file LoadedFromMemory is not a mono symbol file
Symbol file data-000001330C467020 doesn't match image C:\Users\lukas\Documents\GitHub\Pro5\Pro5 Game\Library\ScriptAssemblies\Unity.CollabProxy.Editor.dll
Symbol file LoadedFromMemory is not a mono symbol file
Symbol file data-00000133090A5060 doesn't match image C:\Users\lukas\Documents\GitHub\Pro5\Pro5 Game\Library\ScriptAssemblies\UnityEditor.TestRunner.dll
Symbol file LoadedFromMemory is not a mono symbol file
Symbol file data-0000013308D23040 doesn't match image C:\Users\lukas\Documents\GitHub\Pro5\Pro5 Game\Library\ScriptAssemblies\UnityEditor.UI.dll
Symbol file LoadedFromMemory is not a mono symbol file
Symbol file data-0000013309DE0080 doesn't match image C:\Users\lukas\Documents\GitHub\Pro5\Pro5 Game\Library\ScriptAssemblies\Unity.PlasticSCM.Editor.dll
Symbol file LoadedFromMemory is not a mono symbol file
Symbol file data-000001330755C9B0 doesn't match image C:\Users\lukas\Documents\GitHub\Pro5\Pro5 Game\Library\ScriptAssemblies\Unity.Rider.Editor.dll
Symbol file LoadedFromMemory is not a mono symbol file
Symbol file data-000001330C652020 doesn't match image C:\Users\lukas\Documents\GitHub\Pro5\Pro5 Game\Library\ScriptAssemblies\UnityEngine.UI.dll
Symbol file LoadedFromMemory is not a mono symbol file
Symbol file data-000001330BF604C0 doesn't match image C:\Users\lukas\Documents\GitHub\Pro5\Pro5 Game\Library\ScriptAssemblies\Unity.Notifications.Android.dll
Symbol file LoadedFromMemory is not a mono symbol file
Symbol file data-000001330BF604C0 doesn't match image C:\Users\lukas\Documents\GitHub\Pro5\Pro5 Game\Library\ScriptAssemblies\Unity.Notifications.iOS.dll
Symbol file LoadedFromMemory is not a mono symbol file
Native extension for WindowsStandalone target not found
Refreshing native plugins compatible for Editor in 0.53 ms, found 2 plugins.
Preloading 0 native plugins for Editor in 0.00 ms.
Mono: successfully reloaded assembly
- Completed reload, in  1.253 seconds
Domain Reload Profiling:
	ReloadAssembly (1254ms)
		BeginReloadAssembly (121ms)
			ExecutionOrderSort (0ms)
			DisableScriptedObjects (6ms)
			BackupInstance (0ms)
			ReleaseScriptingObjects (0ms)
			CreateAndSetChildDomain (35ms)
		EndReloadAssembly (1053ms)
			LoadAssemblies (105ms)
			RebuildTransferFunctionScriptingTraits (0ms)
			SetupTypeCache (340ms)
			ReleaseScriptCaches (1ms)
			RebuildScriptCaches (47ms)
			SetupLoadedEditorAssemblies (439ms)
				LogAssemblyErrors (0ms)
				InitializePlatformSupportModulesInManaged (6ms)
				SetLoadedEditorAssemblies (1ms)
				RefreshPlugins (1ms)
				BeforeProcessingInitializeOnLoad (92ms)
				ProcessInitializeOnLoadAttributes (325ms)
				ProcessInitializeOnLoadMethodAttributes (5ms)
				AfterProcessingInitializeOnLoad (9ms)
				EditorAssembliesLoaded (0ms)
			ExecutionOrderSort2 (0ms)
			AwakeInstancesAfterBackupRestoration (8ms)
Platform modules already initialized, skipping
Refreshing native plugins compatible for Editor in 0.50 ms, found 2 plugins.
Preloading 0 native plugins for Editor in 0.00 ms.
Unloading 1504 Unused Serialized files (Serialized files now loaded: 0)
System memory in use before: 68.2 MB.
System memory in use after: 68.3 MB.

Unloading 26 unused Assets to reduce memory usage. Loaded Objects now: 1939.
Total: 3.540400 ms (FindLiveObjects: 0.236500 ms CreateObjectMapping: 0.038100 ms MarkObjects: 3.240900 ms  DeleteObjects: 0.023100 ms)

AssetImportParameters requested are different than current active one (requested -> active):
  custom:framework-win-MediaFoundation: 216162199b28c13a410421893ffa2e32 -> 
  custom:video-decoder-ogg-theora: a1e56fd34408186e4bbccfd4996cb3dc -> 
  custom:container-muxer-webm: aa71ff27fc2769a1b78a27578f13a17b -> 
  custom:container-demuxer-webm: 4f35f7cbe854078d1ac9338744f61a02 -> 
  custom:container-demuxer-ogg: 62fdf1f143b41e24485cea50d1cbac27 -> 
  custom:video-encoder-webm-vp8: eb34c28f22e8b96e1ab97ce403110664 -> 
  custom:video-decoder-webm-vp8: 9c59270c3fd7afecdb556c50c9e8de78 -> 
  custom:audio-decoder-ogg-vorbis: bf7c407c2cedff20999df2af8eb42d56 -> 
  custom:audio-encoder-webm-vorbis: bf7c407c2cedff20999df2af8eb42d56 -> 
========================================================================
Received Prepare
Registering precompiled user dll's ...
Registered in 0.006416 seconds.
Begin MonoManager ReloadAssembly
Symbol file data-000001317ED6D030 doesn't match image C:\Users\lukas\Documents\GitHub\Pro5\Pro5 Game\Library\ScriptAssemblies\Unity.VSCode.Editor.dll
Symbol file LoadedFromMemory is not a mono symbol file
Symbol file data-000001330747E0A0 doesn't match image C:\Users\lukas\Documents\GitHub\Pro5\Pro5 Game\Library\ScriptAssemblies\Unity.Notifications.dll
Symbol file LoadedFromMemory is not a mono symbol file
Symbol file data-000001330D282030 doesn't match image C:\Users\lukas\Documents\GitHub\Pro5\Pro5 Game\Library\ScriptAssemblies\Unity.TextMeshPro.Editor.dll
Symbol file LoadedFromMemory is not a mono symbol file
Symbol file data-000001330D8C5040 doesn't match image C:\Users\lukas\Documents\GitHub\Pro5\Pro5 Game\Library\ScriptAssemblies\Unity.VisualStudio.Editor.dll
Symbol file LoadedFromMemory is not a mono symbol file
Symbol file data-000001330CC164A0 doesn't match image C:\Users\lukas\Documents\GitHub\Pro5\Pro5 Game\Library\ScriptAssemblies\Unity.Mobile.AndroidLogcat.Editor.dll
Symbol file LoadedFromMemory is not a mono symbol file
Symbol file data-000001330CC164A0 doesn't match image C:\Users\lukas\Documents\GitHub\Pro5\Pro5 Game\Library\ScriptAssemblies\UnityEngine.TestRunner.dll
Symbol file LoadedFromMemory is not a mono symbol file
Symbol file data-000001330DD81450 doesn't match image C:\Users\lukas\Documents\GitHub\Pro5\Pro5 Game\Library\ScriptAssemblies\Unity.Timeline.Editor.dll
Symbol file LoadedFromMemory is not a mono symbol file
Symbol file data-000001330C556010 doesn't match image C:\Users\lukas\Documents\GitHub\Pro5\Pro5 Game\Library\ScriptAssemblies\Unity.Timeline.dll
Symbol file LoadedFromMemory is not a mono symbol file
Symbol file data-00000133095B9010 doesn't match image C:\Users\lukas\Documents\GitHub\Pro5\Pro5 Game\Library\ScriptAssemblies\Unity.TextMeshPro.dll
Symbol file LoadedFromMemory is not a mono symbol file
Symbol file data-000001330CC164A0 doesn't match image C:\Users\lukas\Documents\GitHub\Pro5\Pro5 Game\Library\ScriptAssemblies\Unity.CollabProxy.Editor.dll
Symbol file LoadedFromMemory is not a mono symbol file
Symbol file data-000001330CAE5020 doesn't match image C:\Users\lukas\Documents\GitHub\Pro5\Pro5 Game\Library\ScriptAssemblies\UnityEditor.TestRunner.dll
Symbol file LoadedFromMemory is not a mono symbol file
Symbol file data-000001330755C9B0 doesn't match image C:\Users\lukas\Documents\GitHub\Pro5\Pro5 Game\Library\ScriptAssemblies\UnityEditor.UI.dll
Symbol file LoadedFromMemory is not a mono symbol file
Symbol file data-000001330CCC0020 doesn't match image C:\Users\lukas\Documents\GitHub\Pro5\Pro5 Game\Library\ScriptAssemblies\Unity.PlasticSCM.Editor.dll
Symbol file LoadedFromMemory is not a mono symbol file
Symbol file data-000001330D1BE010 doesn't match image C:\Users\lukas\Documents\GitHub\Pro5\Pro5 Game\Library\ScriptAssemblies\Unity.Rider.Editor.dll
Symbol file LoadedFromMemory is not a mono symbol file
Symbol file data-000001330D58C020 doesn't match image C:\Users\lukas\Documents\GitHub\Pro5\Pro5 Game\Library\ScriptAssemblies\UnityEngine.UI.dll
Symbol file LoadedFromMemory is not a mono symbol file
Symbol file data-000001330739A020 doesn't match image C:\Users\lukas\Documents\GitHub\Pro5\Pro5 Game\Library\ScriptAssemblies\Unity.Notifications.Android.dll
Symbol file LoadedFromMemory is not a mono symbol file
Symbol file data-000001330BF604C0 doesn't match image C:\Users\lukas\Documents\GitHub\Pro5\Pro5 Game\Library\ScriptAssemblies\Unity.Notifications.iOS.dll
Symbol file LoadedFromMemory is not a mono symbol file
Native extension for WindowsStandalone target not found
Refreshing native plugins compatible for Editor in 0.51 ms, found 2 plugins.
Preloading 0 native plugins for Editor in 0.00 ms.
Mono: successfully reloaded assembly
- Completed reload, in  1.225 seconds
Domain Reload Profiling:
	ReloadAssembly (1226ms)
		BeginReloadAssembly (137ms)
			ExecutionOrderSort (0ms)
			DisableScriptedObjects (5ms)
			BackupInstance (0ms)
			ReleaseScriptingObjects (0ms)
			CreateAndSetChildDomain (36ms)
		EndReloadAssembly (1012ms)
			LoadAssemblies (104ms)
			RebuildTransferFunctionScriptingTraits (0ms)
			SetupTypeCache (313ms)
			ReleaseScriptCaches (1ms)
			RebuildScriptCaches (42ms)
			SetupLoadedEditorAssemblies (434ms)
				LogAssemblyErrors (0ms)
				InitializePlatformSupportModulesInManaged (6ms)
				SetLoadedEditorAssemblies (1ms)
				RefreshPlugins (1ms)
				BeforeProcessingInitializeOnLoad (89ms)
				ProcessInitializeOnLoadAttributes (323ms)
				ProcessInitializeOnLoadMethodAttributes (5ms)
				AfterProcessingInitializeOnLoad (10ms)
				EditorAssembliesLoaded (0ms)
			ExecutionOrderSort2 (0ms)
			AwakeInstancesAfterBackupRestoration (9ms)
Platform modules already initialized, skipping
Refreshing native plugins compatible for Editor in 0.54 ms, found 2 plugins.
Preloading 0 native plugins for Editor in 0.00 ms.
Unloading 1504 Unused Serialized files (Serialized files now loaded: 0)
System memory in use before: 68.2 MB.
System memory in use after: 68.3 MB.

Unloading 26 unused Assets to reduce memory usage. Loaded Objects now: 1941.
Total: 3.189800 ms (FindLiveObjects: 0.192300 ms CreateObjectMapping: 0.038600 ms MarkObjects: 2.937000 ms  DeleteObjects: 0.020500 ms)

AssetImportParameters requested are different than current active one (requested -> active):
  custom:framework-win-MediaFoundation: 216162199b28c13a410421893ffa2e32 -> 
  custom:video-decoder-ogg-theora: a1e56fd34408186e4bbccfd4996cb3dc -> 
  custom:container-muxer-webm: aa71ff27fc2769a1b78a27578f13a17b -> 
  custom:container-demuxer-webm: 4f35f7cbe854078d1ac9338744f61a02 -> 
  custom:container-demuxer-ogg: 62fdf1f143b41e24485cea50d1cbac27 -> 
  custom:video-encoder-webm-vp8: eb34c28f22e8b96e1ab97ce403110664 -> 
  custom:video-decoder-webm-vp8: 9c59270c3fd7afecdb556c50c9e8de78 -> 
  custom:audio-decoder-ogg-vorbis: bf7c407c2cedff20999df2af8eb42d56 -> 
  custom:audio-encoder-webm-vorbis: bf7c407c2cedff20999df2af8eb42d56 -> 
========================================================================
Received Prepare
Registering precompiled user dll's ...
Registered in 0.004983 seconds.
Begin MonoManager ReloadAssembly
Symbol file data-000001330DDAB030 doesn't match image C:\Users\lukas\Documents\GitHub\Pro5\Pro5 Game\Library\ScriptAssemblies\Unity.VSCode.Editor.dll
Symbol file LoadedFromMemory is not a mono symbol file
Symbol file data-000001330747E0A0 doesn't match image C:\Users\lukas\Documents\GitHub\Pro5\Pro5 Game\Library\ScriptAssemblies\Unity.Notifications.dll
Symbol file LoadedFromMemory is not a mono symbol file
Symbol file data-00000133093B6010 doesn't match image C:\Users\lukas\Documents\GitHub\Pro5\Pro5 Game\Library\ScriptAssemblies\Unity.TextMeshPro.Editor.dll
Symbol file LoadedFromMemory is not a mono symbol file
Symbol file data-000001330D8C5040 doesn't match image C:\Users\lukas\Documents\GitHub\Pro5\Pro5 Game\Library\ScriptAssemblies\Unity.VisualStudio.Editor.dll
Symbol file LoadedFromMemory is not a mono symbol file
Symbol file data-000001330DFCF210 doesn't match image C:\Users\lukas\Documents\GitHub\Pro5\Pro5 Game\Library\ScriptAssemblies\Unity.Mobile.AndroidLogcat.Editor.dll
Symbol file LoadedFromMemory is not a mono symbol file
Symbol file data-000001330DFCF210 doesn't match image C:\Users\lukas\Documents\GitHub\Pro5\Pro5 Game\Library\ScriptAssemblies\UnityEngine.TestRunner.dll
Symbol file LoadedFromMemory is not a mono symbol file
Symbol file data-00000133095140A0 doesn't match image C:\Users\lukas\Documents\GitHub\Pro5\Pro5 Game\Library\ScriptAssemblies\Unity.Timeline.Editor.dll
Symbol file LoadedFromMemory is not a mono symbol file
Symbol file data-000001330C3F7010 doesn't match image C:\Users\lukas\Documents\GitHub\Pro5\Pro5 Game\Library\ScriptAssemblies\Unity.Timeline.dll
Symbol file LoadedFromMemory is not a mono symbol file
Symbol file data-00000133095B9010 doesn't match image C:\Users\lukas\Documents\GitHub\Pro5\Pro5 Game\Library\ScriptAssemblies\Unity.TextMeshPro.dll
Symbol file LoadedFromMemory is not a mono symbol file
Symbol file data-000001330DFCF210 doesn't match image C:\Users\lukas\Documents\GitHub\Pro5\Pro5 Game\Library\ScriptAssemblies\Unity.CollabProxy.Editor.dll
Symbol file LoadedFromMemory is not a mono symbol file
Symbol file data-000001330CAE5020 doesn't match image C:\Users\lukas\Documents\GitHub\Pro5\Pro5 Game\Library\ScriptAssemblies\UnityEditor.TestRunner.dll
Symbol file LoadedFromMemory is not a mono symbol file
Symbol file data-000001330755C9B0 doesn't match image C:\Users\lukas\Documents\GitHub\Pro5\Pro5 Game\Library\ScriptAssemblies\UnityEditor.UI.dll
Symbol file LoadedFromMemory is not a mono symbol file
Symbol file data-000001330704D060 doesn't match image C:\Users\lukas\Documents\GitHub\Pro5\Pro5 Game\Library\ScriptAssemblies\Unity.PlasticSCM.Editor.dll
Symbol file LoadedFromMemory is not a mono symbol file
Symbol file data-000001330D1BE010 doesn't match image C:\Users\lukas\Documents\GitHub\Pro5\Pro5 Game\Library\ScriptAssemblies\Unity.Rider.Editor.dll
Symbol file LoadedFromMemory is not a mono symbol file
Symbol file data-000001330DF53010 doesn't match image C:\Users\lukas\Documents\GitHub\Pro5\Pro5 Game\Library\ScriptAssemblies\UnityEngine.UI.dll
Symbol file LoadedFromMemory is not a mono symbol file
Symbol file data-000001330739A020 doesn't match image C:\Users\lukas\Documents\GitHub\Pro5\Pro5 Game\Library\ScriptAssemblies\Unity.Notifications.Android.dll
Symbol file LoadedFromMemory is not a mono symbol file
Symbol file data-000001330BF604C0 doesn't match image C:\Users\lukas\Documents\GitHub\Pro5\Pro5 Game\Library\ScriptAssemblies\Unity.Notifications.iOS.dll
Symbol file LoadedFromMemory is not a mono symbol file
Native extension for WindowsStandalone target not found
Refreshing native plugins compatible for Editor in 0.61 ms, found 2 plugins.
Preloading 0 native plugins for Editor in 0.00 ms.
Mono: successfully reloaded assembly
- Completed reload, in  1.232 seconds
Domain Reload Profiling:
	ReloadAssembly (1233ms)
		BeginReloadAssembly (126ms)
			ExecutionOrderSort (0ms)
			DisableScriptedObjects (6ms)
			BackupInstance (0ms)
			ReleaseScriptingObjects (0ms)
			CreateAndSetChildDomain (34ms)
		EndReloadAssembly (1020ms)
			LoadAssemblies (103ms)
			RebuildTransferFunctionScriptingTraits (0ms)
			SetupTypeCache (306ms)
			ReleaseScriptCaches (1ms)
			RebuildScriptCaches (48ms)
			SetupLoadedEditorAssemblies (442ms)
				LogAssemblyErrors (0ms)
				InitializePlatformSupportModulesInManaged (6ms)
				SetLoadedEditorAssemblies (1ms)
				RefreshPlugins (1ms)
				BeforeProcessingInitializeOnLoad (95ms)
				ProcessInitializeOnLoadAttributes (325ms)
				ProcessInitializeOnLoadMethodAttributes (5ms)
				AfterProcessingInitializeOnLoad (10ms)
				EditorAssembliesLoaded (0ms)
			ExecutionOrderSort2 (0ms)
			AwakeInstancesAfterBackupRestoration (8ms)
Platform modules already initialized, skipping
Refreshing native plugins compatible for Editor in 0.53 ms, found 2 plugins.
Preloading 0 native plugins for Editor in 0.00 ms.
Unloading 1504 Unused Serialized files (Serialized files now loaded: 0)
System memory in use before: 68.2 MB.
System memory in use after: 68.3 MB.

Unloading 26 unused Assets to reduce memory usage. Loaded Objects now: 1943.
Total: 3.456100 ms (FindLiveObjects: 0.203800 ms CreateObjectMapping: 0.039500 ms MarkObjects: 3.185700 ms  DeleteObjects: 0.025200 ms)

AssetImportParameters requested are different than current active one (requested -> active):
  custom:framework-win-MediaFoundation: 216162199b28c13a410421893ffa2e32 -> 
  custom:video-decoder-ogg-theora: a1e56fd34408186e4bbccfd4996cb3dc -> 
  custom:container-muxer-webm: aa71ff27fc2769a1b78a27578f13a17b -> 
  custom:container-demuxer-webm: 4f35f7cbe854078d1ac9338744f61a02 -> 
  custom:container-demuxer-ogg: 62fdf1f143b41e24485cea50d1cbac27 -> 
  custom:video-encoder-webm-vp8: eb34c28f22e8b96e1ab97ce403110664 -> 
  custom:video-decoder-webm-vp8: 9c59270c3fd7afecdb556c50c9e8de78 -> 
  custom:audio-decoder-ogg-vorbis: bf7c407c2cedff20999df2af8eb42d56 -> 
  custom:audio-encoder-webm-vorbis: bf7c407c2cedff20999df2af8eb42d56 -> 
========================================================================
Received Prepare
Registering precompiled user dll's ...
Registered in 0.005914 seconds.
Begin MonoManager ReloadAssembly
Symbol file data-000001317ED6D030 doesn't match image C:\Users\lukas\Documents\GitHub\Pro5\Pro5 Game\Library\ScriptAssemblies\Unity.VSCode.Editor.dll
Symbol file LoadedFromMemory is not a mono symbol file
Symbol file data-000001330ACDB0B0 doesn't match image C:\Users\lukas\Documents\GitHub\Pro5\Pro5 Game\Library\ScriptAssemblies\Unity.Notifications.dll
Symbol file LoadedFromMemory is not a mono symbol file
Symbol file data-000001330A5DD010 doesn't match image C:\Users\lukas\Documents\GitHub\Pro5\Pro5 Game\Library\ScriptAssemblies\Unity.TextMeshPro.Editor.dll
Symbol file LoadedFromMemory is not a mono symbol file
Symbol file data-000001317ED6FA80 doesn't match image C:\Users\lukas\Documents\GitHub\Pro5\Pro5 Game\Library\ScriptAssemblies\Unity.VisualStudio.Editor.dll
Symbol file LoadedFromMemory is not a mono symbol file
Symbol file data-000001330DDA3020 doesn't match image C:\Users\lukas\Documents\GitHub\Pro5\Pro5 Game\Library\ScriptAssemblies\Unity.Mobile.AndroidLogcat.Editor.dll
Symbol file LoadedFromMemory is not a mono symbol file
Symbol file data-000001330DDA3020 doesn't match image C:\Users\lukas\Documents\GitHub\Pro5\Pro5 Game\Library\ScriptAssemblies\UnityEngine.TestRunner.dll
Symbol file LoadedFromMemory is not a mono symbol file
Symbol file data-00000133095140A0 doesn't match image C:\Users\lukas\Documents\GitHub\Pro5\Pro5 Game\Library\ScriptAssemblies\Unity.Timeline.Editor.dll
Symbol file LoadedFromMemory is not a mono symbol file
Symbol file data-0000013306F1C020 doesn't match image C:\Users\lukas\Documents\GitHub\Pro5\Pro5 Game\Library\ScriptAssemblies\Unity.Timeline.dll
Symbol file LoadedFromMemory is not a mono symbol file
Symbol file data-000001330CCC0020 doesn't match image C:\Users\lukas\Documents\GitHub\Pro5\Pro5 Game\Library\ScriptAssemblies\Unity.TextMeshPro.dll
Symbol file LoadedFromMemory is not a mono symbol file
Symbol file data-000001330A6F9400 doesn't match image C:\Users\lukas\Documents\GitHub\Pro5\Pro5 Game\Library\ScriptAssemblies\Unity.CollabProxy.Editor.dll
Symbol file LoadedFromMemory is not a mono symbol file
Symbol file data-000001330AC17090 doesn't match image C:\Users\lukas\Documents\GitHub\Pro5\Pro5 Game\Library\ScriptAssemblies\UnityEditor.TestRunner.dll
Symbol file LoadedFromMemory is not a mono symbol file
Symbol file data-000001330755C9B0 doesn't match image C:\Users\lukas\Documents\GitHub\Pro5\Pro5 Game\Library\ScriptAssemblies\UnityEditor.UI.dll
Symbol file LoadedFromMemory is not a mono symbol file
Symbol file data-000001330BF20480 doesn't match image C:\Users\lukas\Documents\GitHub\Pro5\Pro5 Game\Library\ScriptAssemblies\Unity.PlasticSCM.Editor.dll
Symbol file LoadedFromMemory is not a mono symbol file
Symbol file data-000001330D1BE010 doesn't match image C:\Users\lukas\Documents\GitHub\Pro5\Pro5 Game\Library\ScriptAssemblies\Unity.Rider.Editor.dll
Symbol file LoadedFromMemory is not a mono symbol file
Symbol file data-000001330DB2B080 doesn't match image C:\Users\lukas\Documents\GitHub\Pro5\Pro5 Game\Library\ScriptAssemblies\UnityEngine.UI.dll
Symbol file LoadedFromMemory is not a mono symbol file
Symbol file data-000001330739A020 doesn't match image C:\Users\lukas\Documents\GitHub\Pro5\Pro5 Game\Library\ScriptAssemblies\Unity.Notifications.Android.dll
Symbol file LoadedFromMemory is not a mono symbol file
Symbol file data-000001330BF604C0 doesn't match image C:\Users\lukas\Documents\GitHub\Pro5\Pro5 Game\Library\ScriptAssemblies\Unity.Notifications.iOS.dll
Symbol file LoadedFromMemory is not a mono symbol file
Native extension for WindowsStandalone target not found
Refreshing native plugins compatible for Editor in 0.56 ms, found 2 plugins.
Preloading 0 native plugins for Editor in 0.00 ms.
Mono: successfully reloaded assembly
- Completed reload, in  1.265 seconds
Domain Reload Profiling:
	ReloadAssembly (1266ms)
		BeginReloadAssembly (151ms)
			ExecutionOrderSort (0ms)
			DisableScriptedObjects (5ms)
			BackupInstance (0ms)
			ReleaseScriptingObjects (0ms)
			CreateAndSetChildDomain (41ms)
		EndReloadAssembly (1034ms)
			LoadAssemblies (123ms)
			RebuildTransferFunctionScriptingTraits (0ms)
			SetupTypeCache (314ms)
			ReleaseScriptCaches (1ms)
			RebuildScriptCaches (43ms)
			SetupLoadedEditorAssemblies (452ms)
				LogAssemblyErrors (0ms)
				InitializePlatformSupportModulesInManaged (6ms)
				SetLoadedEditorAssemblies (1ms)
				RefreshPlugins (1ms)
				BeforeProcessingInitializeOnLoad (96ms)
				ProcessInitializeOnLoadAttributes (332ms)
				ProcessInitializeOnLoadMethodAttributes (6ms)
				AfterProcessingInitializeOnLoad (10ms)
				EditorAssembliesLoaded (0ms)
			ExecutionOrderSort2 (0ms)
			AwakeInstancesAfterBackupRestoration (8ms)
Platform modules already initialized, skipping
Refreshing native plugins compatible for Editor in 0.53 ms, found 2 plugins.
Preloading 0 native plugins for Editor in 0.00 ms.
Unloading 1504 Unused Serialized files (Serialized files now loaded: 0)
System memory in use before: 68.2 MB.
System memory in use after: 68.3 MB.

Unloading 26 unused Assets to reduce memory usage. Loaded Objects now: 1945.
Total: 3.517700 ms (FindLiveObjects: 0.208800 ms CreateObjectMapping: 0.039500 ms MarkObjects: 3.241400 ms  DeleteObjects: 0.026100 ms)

AssetImportParameters requested are different than current active one (requested -> active):
  custom:framework-win-MediaFoundation: 216162199b28c13a410421893ffa2e32 -> 
  custom:video-decoder-ogg-theora: a1e56fd34408186e4bbccfd4996cb3dc -> 
  custom:container-muxer-webm: aa71ff27fc2769a1b78a27578f13a17b -> 
  custom:container-demuxer-webm: 4f35f7cbe854078d1ac9338744f61a02 -> 
  custom:container-demuxer-ogg: 62fdf1f143b41e24485cea50d1cbac27 -> 
  custom:video-encoder-webm-vp8: eb34c28f22e8b96e1ab97ce403110664 -> 
  custom:video-decoder-webm-vp8: 9c59270c3fd7afecdb556c50c9e8de78 -> 
  custom:audio-decoder-ogg-vorbis: bf7c407c2cedff20999df2af8eb42d56 -> 
  custom:audio-encoder-webm-vorbis: bf7c407c2cedff20999df2af8eb42d56 -> 
========================================================================
Received Prepare
Registering precompiled user dll's ...
Registered in 0.005476 seconds.
Begin MonoManager ReloadAssembly
Symbol file data-000001317ED6D030 doesn't match image C:\Users\lukas\Documents\GitHub\Pro5\Pro5 Game\Library\ScriptAssemblies\Unity.VSCode.Editor.dll
Symbol file LoadedFromMemory is not a mono symbol file
Symbol file data-000001330ACDB0B0 doesn't match image C:\Users\lukas\Documents\GitHub\Pro5\Pro5 Game\Library\ScriptAssemblies\Unity.Notifications.dll
Symbol file LoadedFromMemory is not a mono symbol file
Symbol file data-00000133093B6010 doesn't match image C:\Users\lukas\Documents\GitHub\Pro5\Pro5 Game\Library\ScriptAssemblies\Unity.TextMeshPro.Editor.dll
Symbol file LoadedFromMemory is not a mono symbol file
Symbol file data-000001317ED6FA80 doesn't match image C:\Users\lukas\Documents\GitHub\Pro5\Pro5 Game\Library\ScriptAssemblies\Unity.VisualStudio.Editor.dll
Symbol file LoadedFromMemory is not a mono symbol file
Symbol file data-000001330DB3B0A0 doesn't match image C:\Users\lukas\Documents\GitHub\Pro5\Pro5 Game\Library\ScriptAssemblies\Unity.Mobile.AndroidLogcat.Editor.dll
Symbol file LoadedFromMemory is not a mono symbol file
Symbol file data-000001330DB3B0A0 doesn't match image C:\Users\lukas\Documents\GitHub\Pro5\Pro5 Game\Library\ScriptAssemblies\UnityEngine.TestRunner.dll
Symbol file LoadedFromMemory is not a mono symbol file
Symbol file data-00000133095140A0 doesn't match image C:\Users\lukas\Documents\GitHub\Pro5\Pro5 Game\Library\ScriptAssemblies\Unity.Timeline.Editor.dll
Symbol file LoadedFromMemory is not a mono symbol file
Symbol file data-0000013309087010 doesn't match image C:\Users\lukas\Documents\GitHub\Pro5\Pro5 Game\Library\ScriptAssemblies\Unity.Timeline.dll
Symbol file LoadedFromMemory is not a mono symbol file
Symbol file data-000001330CCC0020 doesn't match image C:\Users\lukas\Documents\GitHub\Pro5\Pro5 Game\Library\ScriptAssemblies\Unity.TextMeshPro.dll
Symbol file LoadedFromMemory is not a mono symbol file
Symbol file data-000001330DB3B0A0 doesn't match image C:\Users\lukas\Documents\GitHub\Pro5\Pro5 Game\Library\ScriptAssemblies\Unity.CollabProxy.Editor.dll
Symbol file LoadedFromMemory is not a mono symbol file
Symbol file data-000001330AC17090 doesn't match image C:\Users\lukas\Documents\GitHub\Pro5\Pro5 Game\Library\ScriptAssemblies\UnityEditor.TestRunner.dll
Symbol file LoadedFromMemory is not a mono symbol file
Symbol file data-000001330755C9B0 doesn't match image C:\Users\lukas\Documents\GitHub\Pro5\Pro5 Game\Library\ScriptAssemblies\UnityEditor.UI.dll
Symbol file LoadedFromMemory is not a mono symbol file
Symbol file data-000001330704D060 doesn't match image C:\Users\lukas\Documents\GitHub\Pro5\Pro5 Game\Library\ScriptAssemblies\Unity.PlasticSCM.Editor.dll
Symbol file LoadedFromMemory is not a mono symbol file
Symbol file data-000001330D1BE010 doesn't match image C:\Users\lukas\Documents\GitHub\Pro5\Pro5 Game\Library\ScriptAssemblies\Unity.Rider.Editor.dll
Symbol file LoadedFromMemory is not a mono symbol file
Symbol file data-00000133095B9010 doesn't match image C:\Users\lukas\Documents\GitHub\Pro5\Pro5 Game\Library\ScriptAssemblies\UnityEngine.UI.dll
Symbol file LoadedFromMemory is not a mono symbol file
Symbol file data-000001330739A020 doesn't match image C:\Users\lukas\Documents\GitHub\Pro5\Pro5 Game\Library\ScriptAssemblies\Unity.Notifications.Android.dll
Symbol file LoadedFromMemory is not a mono symbol file
Symbol file data-0000013308E8C020 doesn't match image C:\Users\lukas\Documents\GitHub\Pro5\Pro5 Game\Library\ScriptAssemblies\Unity.Notifications.iOS.dll
Symbol file LoadedFromMemory is not a mono symbol file
Native extension for WindowsStandalone target not found
Refreshing native plugins compatible for Editor in 0.53 ms, found 2 plugins.
Preloading 0 native plugins for Editor in 0.00 ms.
Mono: successfully reloaded assembly
- Completed reload, in  1.237 seconds
Domain Reload Profiling:
	ReloadAssembly (1238ms)
		BeginReloadAssembly (147ms)
			ExecutionOrderSort (0ms)
			DisableScriptedObjects (5ms)
			BackupInstance (0ms)
			ReleaseScriptingObjects (0ms)
			CreateAndSetChildDomain (36ms)
		EndReloadAssembly (1007ms)
			LoadAssemblies (116ms)
			RebuildTransferFunctionScriptingTraits (0ms)
			SetupTypeCache (298ms)
			ReleaseScriptCaches (1ms)
			RebuildScriptCaches (44ms)
			SetupLoadedEditorAssemblies (442ms)
				LogAssemblyErrors (0ms)
				InitializePlatformSupportModulesInManaged (6ms)
				SetLoadedEditorAssemblies (1ms)
				RefreshPlugins (1ms)
				BeforeProcessingInitializeOnLoad (95ms)
				ProcessInitializeOnLoadAttributes (326ms)
				ProcessInitializeOnLoadMethodAttributes (5ms)
				AfterProcessingInitializeOnLoad (9ms)
				EditorAssembliesLoaded (0ms)
			ExecutionOrderSort2 (0ms)
			AwakeInstancesAfterBackupRestoration (8ms)
Platform modules already initialized, skipping
Refreshing native plugins compatible for Editor in 0.51 ms, found 2 plugins.
Preloading 0 native plugins for Editor in 0.00 ms.
Unloading 1504 Unused Serialized files (Serialized files now loaded: 0)
System memory in use before: 68.2 MB.
System memory in use after: 68.3 MB.

Unloading 26 unused Assets to reduce memory usage. Loaded Objects now: 1947.
Total: 3.787300 ms (FindLiveObjects: 0.252600 ms CreateObjectMapping: 0.039900 ms MarkObjects: 3.464200 ms  DeleteObjects: 0.028700 ms)

AssetImportParameters requested are different than current active one (requested -> active):
  custom:framework-win-MediaFoundation: 216162199b28c13a410421893ffa2e32 -> 
  custom:video-decoder-ogg-theora: a1e56fd34408186e4bbccfd4996cb3dc -> 
  custom:container-muxer-webm: aa71ff27fc2769a1b78a27578f13a17b -> 
  custom:container-demuxer-webm: 4f35f7cbe854078d1ac9338744f61a02 -> 
  custom:container-demuxer-ogg: 62fdf1f143b41e24485cea50d1cbac27 -> 
  custom:video-encoder-webm-vp8: eb34c28f22e8b96e1ab97ce403110664 -> 
  custom:video-decoder-webm-vp8: 9c59270c3fd7afecdb556c50c9e8de78 -> 
  custom:audio-decoder-ogg-vorbis: bf7c407c2cedff20999df2af8eb42d56 -> 
  custom:audio-encoder-webm-vorbis: bf7c407c2cedff20999df2af8eb42d56 -> 
========================================================================
Received Import Request.
  Time since last request: 411.045836 seconds.
  path: Assets/Scipts/AudioController.cs
  artifactKey: Guid(1d53f4a08420f294088bde737b7be4e4) Importer(815301076,1909f56bfc062723c751e8b465ee728b)
Start importing Assets/Scipts/AudioController.cs using Guid(1d53f4a08420f294088bde737b7be4e4) Importer(815301076,1909f56bfc062723c751e8b465ee728b)  -> (artifact id: 'abedab5d34f58007a717aee6e870918c') in 0.009271 seconds 
  Import took 0.011919 seconds .

========================================================================
Received Import Request.
  Time since last request: 0.314756 seconds.
  path: Assets/Scipts/BeatMachine.cs
  artifactKey: Guid(4b407533998704943a4850210d9aeb2a) Importer(815301076,1909f56bfc062723c751e8b465ee728b)
Start importing Assets/Scipts/BeatMachine.cs using Guid(4b407533998704943a4850210d9aeb2a) Importer(815301076,1909f56bfc062723c751e8b465ee728b)  -> (artifact id: '7553f267663d0a9085023525901d4d64') in 0.009838 seconds 
  Import took 0.012382 seconds .

========================================================================
Received Import Request.
  Time since last request: 0.372526 seconds.
  path: Assets/Scipts/BeatTest.cs
  artifactKey: Guid(0e894442f5ec82e41a5ed8e8bb9af6c7) Importer(815301076,1909f56bfc062723c751e8b465ee728b)
Start importing Assets/Scipts/BeatTest.cs using Guid(0e894442f5ec82e41a5ed8e8bb9af6c7) Importer(815301076,1909f56bfc062723c751e8b465ee728b)  -> (artifact id: '91649c5ef505ed3ea76fa5c094e57bfa') in 0.008452 seconds 
  Import took 0.011019 seconds .

========================================================================
Received Import Request.
  Time since last request: 1.188990 seconds.
  path: Assets/Scipts/Enemy.cs
  artifactKey: Guid(d5358080642722a4cb30659401164308) Importer(815301076,1909f56bfc062723c751e8b465ee728b)
Start importing Assets/Scipts/Enemy.cs using Guid(d5358080642722a4cb30659401164308) Importer(815301076,1909f56bfc062723c751e8b465ee728b)  -> (artifact id: 'a83365aa6ce1bb3cddd162a6bf63d31d') in 0.003762 seconds 
  Import took 0.006319 seconds .

========================================================================
Received Import Request.
  Time since last request: 0.311392 seconds.
  path: Assets/Scipts/Player.cs
  artifactKey: Guid(6c00484450c567c4eb89a2fa9f662911) Importer(815301076,1909f56bfc062723c751e8b465ee728b)
Start importing Assets/Scipts/Player.cs using Guid(6c00484450c567c4eb89a2fa9f662911) Importer(815301076,1909f56bfc062723c751e8b465ee728b)  -> (artifact id: '30dbeafffef9c499cbe34594208b8d9c') in 0.009424 seconds 
  Import took 0.012082 seconds .

AssetImportWorkerClient::OnTransportError - code=2 error=End of file
